#! /usr/bin/vvp
:ivl_version "10.1 (stable)" "(v10_1)";
:ivl_delay_selection "TYPICAL";
:vpi_time_precision + 0;
:vpi_module "system";
:vpi_module "vhdl_sys";
:vpi_module "v2005_math";
:vpi_module "va_math";
S_0x1263840 .scope module, "TestBench" "TestBench" 2 3;
 .timescale 0 0;
v0x12c3e40_0 .var "Clk", 0 0;
v0x12c3ee0_0 .var "Reset", 0 0;
v0x12c3fa0_0 .var "Start", 0 0;
v0x12c4090_0 .var/i "counter", 31 0;
v0x12c4130_0 .var/i "flush", 31 0;
v0x12c4260_0 .var/i "i", 31 0;
v0x12c4340_0 .var/i "outfile", 31 0;
v0x12c4420_0 .var/i "stall", 31 0;
S_0x1257950 .scope module, "CPU" "CPU" 2 13, 3 17 0, S_0x1263840;
 .timescale 0 0;
    .port_info 0 /INPUT 1 "clk_i"
    .port_info 1 /INPUT 1 "rst_i"
    .port_info 2 /INPUT 1 "start_i"
L_0x12c4500 .functor AND 1, L_0x12d8420, L_0x12d9800, C4<1>, C4<1>;
L_0x12c4590 .functor OR 1, L_0x12d84e0, L_0x12c4500, C4<0>, C4<0>;
L_0x12c4790 .functor AND 1, L_0x12d8420, L_0x12d9800, C4<1>, C4<1>;
v0x12c11f0_0 .net "ALUdata_o", 31 0, v0x12a9690_0;  1 drivers
v0x12c12d0_0 .net "EX_MEM_CONTROL", 2 0, L_0x12e0770;  1 drivers
v0x12c1390_0 .net "EX_MEM_REGDST", 4 0, L_0x12e0cc0;  1 drivers
v0x12c1490_0 .net "EX_MEM_RESULT", 31 0, L_0x12e0a80;  1 drivers
v0x12c1530_0 .net "EX_MEM_WRDATA", 31 0, L_0x12e0940;  1 drivers
v0x12c1640_0 .net "Flush", 0 0, L_0x12c4590;  1 drivers
v0x12c1710_0 .net "ForwardA_o", 1 0, L_0x12db680;  1 drivers
v0x12c1800_0 .net "ForwardB_o", 1 0, L_0x12dbed0;  1 drivers
v0x12c18f0_0 .net "ID_EX_CONTROL", 6 0, L_0x12da290;  1 drivers
v0x12c1a60_0 .net "ID_EX_IMMEDIATE", 31 0, L_0x12da330;  1 drivers
v0x12c1b20_0 .net "ID_EX_IS", 14 0, L_0x12da690;  1 drivers
v0x12c1be0_0 .net "ID_EX_RS", 31 0, L_0x12da030;  1 drivers
v0x12c1ca0_0 .net "ID_EX_RT", 31 0, L_0x12da3f0;  1 drivers
v0x12c1d70_0 .net "IF_ID_IS", 31 0, L_0x12d54a0;  1 drivers
v0x12c1e30_0 .net "IF_ID_PC", 31 0, L_0x12d53b0;  1 drivers
v0x12c1f20_0 .net "IF_ID_Write_o", 0 0, L_0x12d5a40;  1 drivers
v0x12c1fc0_0 .net "MEM_WB_CONTROL", 1 0, L_0x12e0e90;  1 drivers
v0x12c2170_0 .net "MEM_WB_LOAD_DATA", 31 0, L_0x12e0fe0;  1 drivers
v0x12c2210_0 .net "MEM_WB_REGDST", 4 0, L_0x12e13f0;  1 drivers
v0x12c22b0_0 .net "MEM_WB_REG_DATA", 31 0, L_0x12e1080;  1 drivers
v0x12c2370_0 .net "MEM_WB_mux5_o", 31 0, L_0x12e1520;  1 drivers
v0x12c24a0_0 .net "PC_Write_o", 0 0, L_0x12d5ab0;  1 drivers
v0x12c2540_0 .net "RS_RT_equal", 0 0, L_0x12d9800;  1 drivers
v0x12c2600_0 .net "RSdata_o", 31 0, L_0x12d6310;  1 drivers
v0x12c26c0_0 .net "RTdata_o", 31 0, L_0x12d93e0;  1 drivers
v0x12c2790_0 .net *"_s0", 0 0, L_0x12c4500;  1 drivers
v0x12c2850_0 .net *"_s11", 25 0, L_0x12d4c40;  1 drivers
L_0x7fe859c58060 .functor BUFT 1, C4<00>, C4<0>, C4<0>, C4<0>;
v0x12c2930_0 .net/2u *"_s12", 1 0, L_0x7fe859c58060;  1 drivers
v0x12c2a10_0 .net *"_s34", 29 0, L_0x12d6410;  1 drivers
L_0x7fe859c58138 .functor BUFT 1, C4<00>, C4<0>, C4<0>, C4<0>;
v0x12c2af0_0 .net/2u *"_s35", 1 0, L_0x7fe859c58138;  1 drivers
v0x12c2bd0_0 .net *"_s52", 14 0, L_0x12d9f90;  1 drivers
v0x12c2cb0_0 .net *"_s86", 2 0, L_0x12ddeb0;  1 drivers
v0x12c2d90_0 .net *"_s9", 3 0, L_0x12d4ba0;  1 drivers
v0x12c20a0_0 .net *"_s97", 1 0, L_0x12e0c10;  1 drivers
v0x12c3060_0 .net "added_pc", 31 0, L_0x12c46f0;  1 drivers
v0x12c3170_0 .net "branch_pc", 31 0, L_0x12d6270;  1 drivers
v0x12c3280_0 .net "bubble_o", 0 0, L_0x12d5980;  1 drivers
v0x12c3370_0 .net "clk_i", 0 0, v0x12c3e40_0;  1 drivers
v0x12c3410_0 .net "extended_o", 31 0, L_0x12d9ad0;  1 drivers
v0x12c34d0_0 .net "instr_addr", 31 0, v0x12bcd60_0;  1 drivers
v0x12c3570_0 .net "instr_o", 31 0, L_0x12d5200;  1 drivers
v0x12c3630_0 .net "mux1_o", 31 0, L_0x12d48a0;  1 drivers
v0x12c3720_0 .net "mux3_o", 4 0, L_0x12dda40;  1 drivers
v0x12c37e0_0 .net "mux4_o", 31 0, L_0x12dd870;  1 drivers
v0x12c38d0_0 .net "mux6_o", 31 0, L_0x12dccf0;  1 drivers
v0x12c39e0_0 .net "mux7_o", 31 0, L_0x12dd690;  1 drivers
v0x12c3af0_0 .net "mux8_o", 6 0, L_0x12d6010;  1 drivers
v0x12c3bb0_0 .net "new_pc", 31 0, L_0x12d4a70;  1 drivers
v0x12c3ca0_0 .net "rst_i", 0 0, v0x12c3ee0_0;  1 drivers
v0x12c3d40_0 .net "start_i", 0 0, v0x12c3fa0_0;  1 drivers
L_0x12d4ba0 .part L_0x12d48a0, 28, 4;
L_0x12d4c40 .part L_0x12d54a0, 0, 26;
L_0x12d4d40 .concat [ 2 26 4 0], L_0x7fe859c58060, L_0x12d4c40, L_0x12d4ba0;
L_0x12d5310 .concat [ 32 32 0 0], L_0x12d5200, L_0x12c46f0;
L_0x12d53b0 .part v0x12b88e0_0, 32, 32;
L_0x12d54a0 .part v0x12b88e0_0, 0, 32;
L_0x12d5bb0 .part L_0x12da290, 5, 1;
L_0x12d5c50 .part L_0x12da690, 5, 5;
L_0x12d5d40 .part L_0x12d54a0, 21, 5;
L_0x12d5e30 .part L_0x12d54a0, 16, 5;
LS_0x12d6140_0_0 .concat [ 2 1 1 1], L_0x12d8d10, L_0x12d8750, L_0x12d76b0, L_0x12d8250;
LS_0x12d6140_0_4 .concat [ 1 1 0 0], L_0x12d8360, L_0x12d80f0;
L_0x12d6140 .concat [ 5 2 0 0], LS_0x12d6140_0_0, LS_0x12d6140_0_4;
L_0x12d6410 .part L_0x12d9ad0, 0, 30;
L_0x12d6530 .concat [ 2 30 0 0], L_0x7fe859c58138, L_0x12d6410;
L_0x12d8ee0 .part L_0x12d54a0, 26, 6;
L_0x12d94f0 .part L_0x12d54a0, 21, 5;
L_0x12d95e0 .part L_0x12d54a0, 16, 5;
L_0x12d9760 .part L_0x12e0e90, 1, 1;
L_0x12d9800 .cmp/eq 32, L_0x12d6310, L_0x12d93e0;
L_0x12d9bc0 .part L_0x12d54a0, 0, 16;
L_0x12d9f90 .part L_0x12d54a0, 11, 15;
LS_0x12d98a0_0_0 .concat [ 15 32 32 32], L_0x12d9f90, L_0x12d9ad0, L_0x12d93e0, L_0x12d6310;
LS_0x12d98a0_0_4 .concat [ 7 0 0 0], L_0x12d6010;
L_0x12d98a0 .concat [ 111 7 0 0], LS_0x12d98a0_0_0, LS_0x12d98a0_0_4;
L_0x12da290 .part v0x12b80c0_0, 111, 7;
L_0x12da030 .part v0x12b80c0_0, 79, 32;
L_0x12da3f0 .part v0x12b80c0_0, 47, 32;
L_0x12da330 .part v0x12b80c0_0, 15, 32;
L_0x12da690 .part v0x12b80c0_0, 0, 15;
L_0x12dc060 .part L_0x12da690, 10, 5;
L_0x12dc190 .part L_0x12da690, 5, 5;
L_0x12da730 .part L_0x12e0770, 2, 1;
L_0x12dc440 .part L_0x12e0e90, 1, 1;
L_0x12dd9a0 .part L_0x12da290, 2, 1;
L_0x12ddb30 .part L_0x12da690, 5, 5;
L_0x12dc4e0 .part L_0x12da690, 0, 5;
L_0x12ddd30 .part L_0x12da290, 3, 1;
L_0x12e05a0 .part L_0x12da330, 0, 6;
L_0x12e06d0 .part L_0x12da290, 0, 2;
L_0x12ddeb0 .part L_0x12da290, 4, 3;
L_0x12e08a0 .concat [ 5 32 32 3], L_0x12dda40, L_0x12dd690, v0x12a9690_0, L_0x12ddeb0;
L_0x12e0770 .part v0x12b4660_0, 69, 3;
L_0x12e0a80 .part v0x12b4660_0, 37, 32;
L_0x12e0940 .part v0x12b4660_0, 5, 32;
L_0x12e0cc0 .part v0x12b4660_0, 0, 5;
L_0x12e0b70 .part L_0x12e0770, 0, 1;
L_0x12e0c10 .part L_0x12e0770, 1, 2;
L_0x12e0df0 .concat [ 5 32 32 2], L_0x12e0cc0, L_0x12e0a80, v0x12b3f60_0, L_0x12e0c10;
L_0x12e0e90 .part v0x12b99e0_0, 69, 2;
L_0x12e0fe0 .part v0x12b99e0_0, 37, 32;
L_0x12e1080 .part v0x12b99e0_0, 5, 32;
L_0x12e13f0 .part v0x12b99e0_0, 0, 5;
L_0x12e15c0 .part L_0x12e0e90, 0, 1;
S_0x1244730 .scope module, "ADD" "Adder" 3 116, 4 1 0, S_0x1257950;
 .timescale 0 0;
    .port_info 0 /INPUT 32 "data1_in"
    .port_info 1 /INPUT 32 "data2_in"
    .port_info 2 /OUTPUT 32 "data_o"
P_0x11d4540 .param/l "SIZE" 0 4 7, +C4<00000000000000000000000000100000>;
v0x1242a40_0 .net "data1_in", 31 0, L_0x12d6530;  1 drivers
v0x12a85f0_0 .net "data2_in", 31 0, L_0x12d53b0;  alias, 1 drivers
v0x12a86d0_0 .net "data_o", 31 0, L_0x12d6270;  alias, 1 drivers
L_0x12d6270 .arith/sum 32, L_0x12d6530, L_0x12d53b0;
S_0x12a8840 .scope module, "ALU" "ALU" 3 206, 5 1 0, S_0x1257950;
 .timescale 0 0;
    .port_info 0 /INPUT 32 "data1_i"
    .port_info 1 /INPUT 32 "data2_i"
    .port_info 2 /INPUT 3 "ALUCtrl_i"
    .port_info 3 /OUTPUT 32 "data_o"
    .port_info 4 /OUTPUT 1 "Zero_o"
P_0x12a8a10 .param/l "ADD" 1 6 3, C4<010>;
P_0x12a8a50 .param/l "AND" 1 6 1, C4<000>;
P_0x12a8a90 .param/l "MUL" 1 6 4, C4<011>;
P_0x12a8ad0 .param/l "OR" 1 6 2, C4<001>;
P_0x12a8b10 .param/l "SLT" 1 6 6, C4<111>;
P_0x12a8b50 .param/l "SUB" 1 6 5, C4<110>;
v0x12a8f50_0 .net "ALUCtrl_i", 2 0, L_0x12e0380;  1 drivers
o0x7fe859caa168 .functor BUFZ 1, C4<z>; HiZ drive
v0x12a9050_0 .net "Zero_o", 0 0, o0x7fe859caa168;  0 drivers
v0x12a9110_0 .net *"_s0", 0 0, L_0x12ddc20;  1 drivers
L_0x7fe859c58e70 .functor BUFT 1, C4<01>, C4<0>, C4<0>, C4<0>;
v0x12a91e0_0 .net/2s *"_s2", 1 0, L_0x7fe859c58e70;  1 drivers
L_0x7fe859c58eb8 .functor BUFT 1, C4<00>, C4<0>, C4<0>, C4<0>;
v0x12a92c0_0 .net/2s *"_s4", 1 0, L_0x7fe859c58eb8;  1 drivers
v0x12a93f0_0 .net *"_s6", 1 0, L_0x12de0f0;  1 drivers
v0x12a94d0_0 .net "data1_i", 31 0, L_0x12dccf0;  alias, 1 drivers
v0x12a95b0_0 .net "data2_i", 31 0, L_0x12dd870;  alias, 1 drivers
v0x12a9690_0 .var "data_o", 31 0;
v0x12a9800_0 .net "zero_o", 0 0, L_0x12de190;  1 drivers
E_0x12a8ef0 .event edge, v0x12a8f50_0, v0x12a94d0_0, v0x12a95b0_0;
L_0x12ddc20 .cmp/eq 32, L_0x12dccf0, L_0x12dd870;
L_0x12de0f0 .functor MUXZ 2, L_0x7fe859c58eb8, L_0x7fe859c58e70, L_0x12ddc20, C4<>;
L_0x12de190 .part L_0x12de0f0, 0, 1;
S_0x12a9960 .scope module, "ALU_Control" "ALU_Control" 3 213, 7 1 0, S_0x1257950;
 .timescale 0 0;
    .port_info 0 /INPUT 6 "funct_i"
    .port_info 1 /INPUT 2 "ALUOp_i"
    .port_info 2 /OUTPUT 3 "ALUCtrl_o"
P_0x12a9ae0 .param/l "ADD" 1 6 3, C4<010>;
P_0x12a9b20 .param/l "AND" 1 6 1, C4<000>;
P_0x12a9b60 .param/l "MUL" 1 6 4, C4<011>;
P_0x12a9ba0 .param/l "OR" 1 6 2, C4<001>;
P_0x12a9be0 .param/l "SLT" 1 6 6, C4<111>;
P_0x12a9c20 .param/l "SUB" 1 6 5, C4<110>;
v0x12a9f60_0 .net "ALUCtrl_o", 2 0, L_0x12e0380;  alias, 1 drivers
v0x12aa070_0 .net "ALUOp_i", 1 0, L_0x12e06d0;  1 drivers
L_0x7fe859c58f00 .functor BUFT 1, C4<11>, C4<0>, C4<0>, C4<0>;
v0x12aa130_0 .net/2u *"_s0", 1 0, L_0x7fe859c58f00;  1 drivers
L_0x7fe859c58f90 .functor BUFT 1, C4<010>, C4<0>, C4<0>, C4<0>;
v0x12aa220_0 .net/2u *"_s10", 2 0, L_0x7fe859c58f90;  1 drivers
v0x12aa300_0 .net *"_s13", 3 0, L_0x12de500;  1 drivers
L_0x7fe859c58fd8 .functor BUFT 1, C4<0010>, C4<0>, C4<0>, C4<0>;
v0x12aa430_0 .net/2u *"_s14", 3 0, L_0x7fe859c58fd8;  1 drivers
v0x12aa510_0 .net *"_s16", 0 0, L_0x12de5f0;  1 drivers
L_0x7fe859c59020 .functor BUFT 1, C4<110>, C4<0>, C4<0>, C4<0>;
v0x12aa5d0_0 .net/2u *"_s18", 2 0, L_0x7fe859c59020;  1 drivers
v0x12aa6b0_0 .net *"_s2", 0 0, L_0x12de230;  1 drivers
v0x12aa800_0 .net *"_s21", 3 0, L_0x12de730;  1 drivers
L_0x7fe859c59068 .functor BUFT 1, C4<0100>, C4<0>, C4<0>, C4<0>;
v0x12aa8e0_0 .net/2u *"_s22", 3 0, L_0x7fe859c59068;  1 drivers
v0x12aa9c0_0 .net *"_s24", 0 0, L_0x12de7d0;  1 drivers
L_0x7fe859c590b0 .functor BUFT 1, C4<000>, C4<0>, C4<0>, C4<0>;
v0x12aaa80_0 .net/2u *"_s26", 2 0, L_0x7fe859c590b0;  1 drivers
v0x12aab60_0 .net *"_s29", 3 0, L_0x12de910;  1 drivers
L_0x7fe859c590f8 .functor BUFT 1, C4<0101>, C4<0>, C4<0>, C4<0>;
v0x12aac40_0 .net/2u *"_s30", 3 0, L_0x7fe859c590f8;  1 drivers
v0x12aad20_0 .net *"_s32", 0 0, L_0x12dea40;  1 drivers
L_0x7fe859c59140 .functor BUFT 1, C4<001>, C4<0>, C4<0>, C4<0>;
v0x12aade0_0 .net/2u *"_s34", 2 0, L_0x7fe859c59140;  1 drivers
v0x12aaf90_0 .net *"_s37", 3 0, L_0x12deb80;  1 drivers
L_0x7fe859c59188 .functor BUFT 1, C4<1010>, C4<0>, C4<0>, C4<0>;
v0x12ab030_0 .net/2u *"_s38", 3 0, L_0x7fe859c59188;  1 drivers
v0x12ab110_0 .net *"_s40", 0 0, L_0x12dec20;  1 drivers
L_0x7fe859c591d0 .functor BUFT 1, C4<111>, C4<0>, C4<0>, C4<0>;
v0x12ab1d0_0 .net/2u *"_s42", 2 0, L_0x7fe859c591d0;  1 drivers
v0x12ab2b0_0 .net *"_s45", 3 0, L_0x12ded10;  1 drivers
L_0x7fe859c59218 .functor BUFT 1, C4<1000>, C4<0>, C4<0>, C4<0>;
v0x12ab390_0 .net/2u *"_s46", 3 0, L_0x7fe859c59218;  1 drivers
v0x12ab470_0 .net *"_s48", 0 0, L_0x12d5f70;  1 drivers
v0x12ab530_0 .net *"_s5", 3 0, L_0x12de320;  1 drivers
L_0x7fe859c59260 .functor BUFT 1, C4<011>, C4<0>, C4<0>, C4<0>;
v0x12ab610_0 .net/2u *"_s50", 2 0, L_0x7fe859c59260;  1 drivers
L_0x7fe859c592a8 .functor BUFT 1, C4<000>, C4<0>, C4<0>, C4<0>;
v0x12ab6f0_0 .net/2u *"_s52", 2 0, L_0x7fe859c592a8;  1 drivers
v0x12ab7d0_0 .net *"_s54", 2 0, L_0x12dac40;  1 drivers
v0x12ab8b0_0 .net *"_s56", 2 0, L_0x12df260;  1 drivers
v0x12ab990_0 .net *"_s58", 2 0, L_0x12df3f0;  1 drivers
L_0x7fe859c58f48 .functor BUFT 1, C4<0000>, C4<0>, C4<0>, C4<0>;
v0x12aba70_0 .net/2u *"_s6", 3 0, L_0x7fe859c58f48;  1 drivers
v0x12abb50_0 .net *"_s60", 2 0, L_0x12df610;  1 drivers
v0x12abc30_0 .net *"_s62", 2 0, L_0x12df7a0;  1 drivers
v0x12aaec0_0 .net *"_s64", 2 0, L_0x12df980;  1 drivers
L_0x7fe859c592f0 .functor BUFT 1, C4<00>, C4<0>, C4<0>, C4<0>;
v0x12abf00_0 .net/2u *"_s66", 1 0, L_0x7fe859c592f0;  1 drivers
v0x12abfe0_0 .net *"_s68", 0 0, L_0x12dfb10;  1 drivers
L_0x7fe859c59338 .functor BUFT 1, C4<010>, C4<0>, C4<0>, C4<0>;
v0x12ac0a0_0 .net/2u *"_s70", 2 0, L_0x7fe859c59338;  1 drivers
L_0x7fe859c59380 .functor BUFT 1, C4<01>, C4<0>, C4<0>, C4<0>;
v0x12ac180_0 .net/2u *"_s72", 1 0, L_0x7fe859c59380;  1 drivers
v0x12ac260_0 .net *"_s74", 0 0, L_0x12df840;  1 drivers
L_0x7fe859c593c8 .functor BUFT 1, C4<110>, C4<0>, C4<0>, C4<0>;
v0x12ac320_0 .net/2u *"_s76", 2 0, L_0x7fe859c593c8;  1 drivers
L_0x7fe859c59410 .functor BUFT 1, C4<10>, C4<0>, C4<0>, C4<0>;
v0x12ac400_0 .net/2u *"_s78", 1 0, L_0x7fe859c59410;  1 drivers
v0x12ac4e0_0 .net *"_s8", 0 0, L_0x12de3c0;  1 drivers
v0x12ac5a0_0 .net *"_s80", 0 0, L_0x12dfd50;  1 drivers
L_0x7fe859c59458 .functor BUFT 1, C4<001>, C4<0>, C4<0>, C4<0>;
v0x12ac660_0 .net/2u *"_s82", 2 0, L_0x7fe859c59458;  1 drivers
L_0x7fe859c594a0 .functor BUFT 1, C4<000>, C4<0>, C4<0>, C4<0>;
v0x12ac740_0 .net/2u *"_s84", 2 0, L_0x7fe859c594a0;  1 drivers
v0x12ac820_0 .net *"_s86", 2 0, L_0x12dfc50;  1 drivers
v0x12ac900_0 .net *"_s88", 2 0, L_0x12e0030;  1 drivers
v0x12ac9e0_0 .net *"_s90", 2 0, L_0x12e01f0;  1 drivers
v0x12acac0_0 .net "funct_i", 5 0, L_0x12e05a0;  1 drivers
L_0x12de230 .cmp/eq 2, L_0x12e06d0, L_0x7fe859c58f00;
L_0x12de320 .part L_0x12e05a0, 0, 4;
L_0x12de3c0 .cmp/eq 4, L_0x12de320, L_0x7fe859c58f48;
L_0x12de500 .part L_0x12e05a0, 0, 4;
L_0x12de5f0 .cmp/eq 4, L_0x12de500, L_0x7fe859c58fd8;
L_0x12de730 .part L_0x12e05a0, 0, 4;
L_0x12de7d0 .cmp/eq 4, L_0x12de730, L_0x7fe859c59068;
L_0x12de910 .part L_0x12e05a0, 0, 4;
L_0x12dea40 .cmp/eq 4, L_0x12de910, L_0x7fe859c590f8;
L_0x12deb80 .part L_0x12e05a0, 0, 4;
L_0x12dec20 .cmp/eq 4, L_0x12deb80, L_0x7fe859c59188;
L_0x12ded10 .part L_0x12e05a0, 0, 4;
L_0x12d5f70 .cmp/eq 4, L_0x12ded10, L_0x7fe859c59218;
L_0x12dac40 .functor MUXZ 3, L_0x7fe859c592a8, L_0x7fe859c59260, L_0x12d5f70, C4<>;
L_0x12df260 .functor MUXZ 3, L_0x12dac40, L_0x7fe859c591d0, L_0x12dec20, C4<>;
L_0x12df3f0 .functor MUXZ 3, L_0x12df260, L_0x7fe859c59140, L_0x12dea40, C4<>;
L_0x12df610 .functor MUXZ 3, L_0x12df3f0, L_0x7fe859c590b0, L_0x12de7d0, C4<>;
L_0x12df7a0 .functor MUXZ 3, L_0x12df610, L_0x7fe859c59020, L_0x12de5f0, C4<>;
L_0x12df980 .functor MUXZ 3, L_0x12df7a0, L_0x7fe859c58f90, L_0x12de3c0, C4<>;
L_0x12dfb10 .cmp/eq 2, L_0x12e06d0, L_0x7fe859c592f0;
L_0x12df840 .cmp/eq 2, L_0x12e06d0, L_0x7fe859c59380;
L_0x12dfd50 .cmp/eq 2, L_0x12e06d0, L_0x7fe859c59410;
L_0x12dfc50 .functor MUXZ 3, L_0x7fe859c594a0, L_0x7fe859c59458, L_0x12dfd50, C4<>;
L_0x12e0030 .functor MUXZ 3, L_0x12dfc50, L_0x7fe859c593c8, L_0x12df840, C4<>;
L_0x12e01f0 .functor MUXZ 3, L_0x12e0030, L_0x7fe859c59338, L_0x12dfb10, C4<>;
L_0x12e0380 .functor MUXZ 3, L_0x12e01f0, L_0x12df980, L_0x12de230, C4<>;
S_0x12acc20 .scope module, "Add_PC" "Adder" 3 63, 4 1 0, S_0x1257950;
 .timescale 0 0;
    .port_info 0 /INPUT 32 "data1_in"
    .port_info 1 /INPUT 32 "data2_in"
    .port_info 2 /OUTPUT 32 "data_o"
P_0x12acda0 .param/l "SIZE" 0 4 7, +C4<00000000000000000000000000100000>;
v0x12ace90_0 .net "data1_in", 31 0, v0x12bcd60_0;  alias, 1 drivers
L_0x7fe859c58018 .functor BUFT 1, C4<00000000000000000000000000000100>, C4<0>, C4<0>, C4<0>;
v0x12acf90_0 .net "data2_in", 31 0, L_0x7fe859c58018;  1 drivers
v0x12ad070_0 .net "data_o", 31 0, L_0x12c46f0;  alias, 1 drivers
L_0x12c46f0 .arith/sum 32, v0x12bcd60_0, L_0x7fe859c58018;
S_0x12ad1e0 .scope module, "Control" "Control" 3 122, 8 1 0, S_0x1257950;
 .timescale 0 0;
    .port_info 0 /INPUT 6 "Op_i"
    .port_info 1 /OUTPUT 1 "RegDst_o"
    .port_info 2 /OUTPUT 1 "RegWrite_o"
    .port_info 3 /OUTPUT 1 "MemWrite_o"
    .port_info 4 /OUTPUT 1 "MemtoReg_o"
    .port_info 5 /OUTPUT 1 "Branch_o"
    .port_info 6 /OUTPUT 1 "Jump_o"
    .port_info 7 /OUTPUT 1 "ExtOp_o"
    .port_info 8 /OUTPUT 1 "ALUSrc_o"
    .port_info 9 /OUTPUT 2 "ALUOp_o"
P_0x12ad400 .param/l "ADD" 0 8 14, C4<00>;
P_0x12ad440 .param/l "OR" 0 8 16, C4<10>;
P_0x12ad480 .param/l "RTYPE" 0 8 17, C4<11>;
P_0x12ad4c0 .param/l "SUB" 0 8 15, C4<01>;
L_0x12d76b0 .functor BUFZ 1, L_0x12d6970, C4<0>, C4<0>, C4<0>;
L_0x12d8030 .functor OR 1, L_0x12d6970, L_0x12d6da0, C4<0>, C4<0>;
L_0x12d80f0 .functor OR 1, L_0x12d8030, L_0x12d71a0, C4<0>, C4<0>;
L_0x12d8250 .functor BUFZ 1, L_0x12d75c0, C4<0>, C4<0>, C4<0>;
L_0x12d8360 .functor BUFZ 1, L_0x12d71a0, C4<0>, C4<0>, C4<0>;
L_0x12d8420 .functor BUFZ 1, L_0x12d7a20, C4<0>, C4<0>, C4<0>;
L_0x12d84e0 .functor BUFZ 1, L_0x12d7e50, C4<0>, C4<0>, C4<0>;
L_0x12d85e0 .functor OR 1, L_0x12d71a0, L_0x12d75c0, C4<0>, C4<0>;
L_0x12d86e0 .functor OR 1, L_0x12d6da0, L_0x12d71a0, C4<0>, C4<0>;
L_0x12d8750 .functor OR 1, L_0x12d86e0, L_0x12d75c0, C4<0>, C4<0>;
L_0x12d88f0 .functor OR 1, L_0x12d6da0, L_0x12d71a0, C4<0>, C4<0>;
L_0x12d89f0 .functor OR 1, L_0x12d88f0, L_0x12d75c0, C4<0>, C4<0>;
v0x12ad830_0 .net "ALUOp_o", 1 0, L_0x12d8d10;  1 drivers
v0x12ad910_0 .net "ALUSrc_o", 0 0, L_0x12d8750;  1 drivers
v0x12ad9d0_0 .net "Branch_o", 0 0, L_0x12d8420;  1 drivers
v0x12ada70_0 .net "ExtOp_o", 0 0, L_0x12d85e0;  1 drivers
v0x12adb30_0 .net "Jump_o", 0 0, L_0x12d84e0;  1 drivers
v0x12adc40_0 .net "MemWrite_o", 0 0, L_0x12d8250;  1 drivers
v0x12add00_0 .net "MemtoReg_o", 0 0, L_0x12d8360;  1 drivers
v0x12addc0_0 .net "Op_i", 5 0, L_0x12d8ee0;  1 drivers
v0x12adea0_0 .net "RegDst_o", 0 0, L_0x12d76b0;  1 drivers
v0x12adff0_0 .net "RegWrite_o", 0 0, L_0x12d80f0;  1 drivers
L_0x7fe859c58180 .functor BUFT 1, C4<000000>, C4<0>, C4<0>, C4<0>;
v0x12ae0b0_0 .net/2u *"_s0", 5 0, L_0x7fe859c58180;  1 drivers
L_0x7fe859c58720 .functor BUFT 1, C4<01>, C4<0>, C4<0>, C4<0>;
v0x12ae190_0 .net/2u *"_s100", 1 0, L_0x7fe859c58720;  1 drivers
L_0x7fe859c58768 .functor BUFT 1, C4<00>, C4<0>, C4<0>, C4<0>;
v0x12ae270_0 .net/2u *"_s102", 1 0, L_0x7fe859c58768;  1 drivers
v0x12ae350_0 .net *"_s104", 1 0, L_0x12d8ad0;  1 drivers
v0x12ae430_0 .net *"_s106", 1 0, L_0x12d8b70;  1 drivers
L_0x7fe859c58258 .functor BUFT 1, C4<001000>, C4<0>, C4<0>, C4<0>;
v0x12ae510_0 .net/2u *"_s12", 5 0, L_0x7fe859c58258;  1 drivers
v0x12ae5f0_0 .net *"_s14", 0 0, L_0x12d6af0;  1 drivers
L_0x7fe859c582a0 .functor BUFT 1, C4<01>, C4<0>, C4<0>, C4<0>;
v0x12ae7a0_0 .net/2s *"_s16", 1 0, L_0x7fe859c582a0;  1 drivers
L_0x7fe859c582e8 .functor BUFT 1, C4<00>, C4<0>, C4<0>, C4<0>;
v0x12ae840_0 .net/2s *"_s18", 1 0, L_0x7fe859c582e8;  1 drivers
v0x12ae900_0 .net *"_s2", 0 0, L_0x12d66c0;  1 drivers
v0x12ae9c0_0 .net *"_s20", 1 0, L_0x12d6be0;  1 drivers
L_0x7fe859c58330 .functor BUFT 1, C4<100011>, C4<0>, C4<0>, C4<0>;
v0x12aeaa0_0 .net/2u *"_s24", 5 0, L_0x7fe859c58330;  1 drivers
v0x12aeb80_0 .net *"_s26", 0 0, L_0x12d6ed0;  1 drivers
L_0x7fe859c58378 .functor BUFT 1, C4<01>, C4<0>, C4<0>, C4<0>;
v0x12aec40_0 .net/2s *"_s28", 1 0, L_0x7fe859c58378;  1 drivers
L_0x7fe859c583c0 .functor BUFT 1, C4<00>, C4<0>, C4<0>, C4<0>;
v0x12aed20_0 .net/2s *"_s30", 1 0, L_0x7fe859c583c0;  1 drivers
v0x12aee00_0 .net *"_s32", 1 0, L_0x12d6fc0;  1 drivers
L_0x7fe859c58408 .functor BUFT 1, C4<101011>, C4<0>, C4<0>, C4<0>;
v0x12aeee0_0 .net/2u *"_s36", 5 0, L_0x7fe859c58408;  1 drivers
v0x12aefc0_0 .net *"_s38", 0 0, L_0x12d7290;  1 drivers
L_0x7fe859c581c8 .functor BUFT 1, C4<01>, C4<0>, C4<0>, C4<0>;
v0x12af080_0 .net/2s *"_s4", 1 0, L_0x7fe859c581c8;  1 drivers
L_0x7fe859c58450 .functor BUFT 1, C4<01>, C4<0>, C4<0>, C4<0>;
v0x12af160_0 .net/2s *"_s40", 1 0, L_0x7fe859c58450;  1 drivers
L_0x7fe859c58498 .functor BUFT 1, C4<00>, C4<0>, C4<0>, C4<0>;
v0x12af240_0 .net/2s *"_s42", 1 0, L_0x7fe859c58498;  1 drivers
v0x12af320_0 .net *"_s44", 1 0, L_0x12d74d0;  1 drivers
L_0x7fe859c584e0 .functor BUFT 1, C4<000100>, C4<0>, C4<0>, C4<0>;
v0x12af400_0 .net/2u *"_s48", 5 0, L_0x7fe859c584e0;  1 drivers
v0x12ae6d0_0 .net *"_s50", 0 0, L_0x12d7720;  1 drivers
L_0x7fe859c58528 .functor BUFT 1, C4<01>, C4<0>, C4<0>, C4<0>;
v0x12af6b0_0 .net/2s *"_s52", 1 0, L_0x7fe859c58528;  1 drivers
L_0x7fe859c58570 .functor BUFT 1, C4<00>, C4<0>, C4<0>, C4<0>;
v0x12af790_0 .net/2s *"_s54", 1 0, L_0x7fe859c58570;  1 drivers
v0x12af870_0 .net *"_s56", 1 0, L_0x12d7810;  1 drivers
L_0x7fe859c58210 .functor BUFT 1, C4<00>, C4<0>, C4<0>, C4<0>;
v0x12af950_0 .net/2s *"_s6", 1 0, L_0x7fe859c58210;  1 drivers
L_0x7fe859c585b8 .functor BUFT 1, C4<000010>, C4<0>, C4<0>, C4<0>;
v0x12afa30_0 .net/2u *"_s60", 5 0, L_0x7fe859c585b8;  1 drivers
v0x12afb10_0 .net *"_s62", 0 0, L_0x12d7b10;  1 drivers
L_0x7fe859c58600 .functor BUFT 1, C4<01>, C4<0>, C4<0>, C4<0>;
v0x12afbd0_0 .net/2s *"_s64", 1 0, L_0x7fe859c58600;  1 drivers
L_0x7fe859c58648 .functor BUFT 1, C4<00>, C4<0>, C4<0>, C4<0>;
v0x12afcb0_0 .net/2s *"_s66", 1 0, L_0x7fe859c58648;  1 drivers
v0x12afd90_0 .net *"_s68", 1 0, L_0x12d7c90;  1 drivers
v0x12afe70_0 .net *"_s74", 0 0, L_0x12d8030;  1 drivers
v0x12aff50_0 .net *"_s8", 1 0, L_0x12d67b0;  1 drivers
v0x12b0030_0 .net *"_s88", 0 0, L_0x12d86e0;  1 drivers
L_0x7fe859c58690 .functor BUFT 1, C4<11>, C4<0>, C4<0>, C4<0>;
v0x12b0110_0 .net/2u *"_s92", 1 0, L_0x7fe859c58690;  1 drivers
v0x12b01f0_0 .net *"_s94", 0 0, L_0x12d88f0;  1 drivers
v0x12b02d0_0 .net *"_s96", 0 0, L_0x12d89f0;  1 drivers
L_0x7fe859c586d8 .functor BUFT 1, C4<00>, C4<0>, C4<0>, C4<0>;
v0x12b03b0_0 .net/2u *"_s98", 1 0, L_0x7fe859c586d8;  1 drivers
v0x12b0490_0 .net "addi", 0 0, L_0x12d6da0;  1 drivers
v0x12b0550_0 .net "beq", 0 0, L_0x12d7a20;  1 drivers
v0x12b0610_0 .net "jump", 0 0, L_0x12d7e50;  1 drivers
v0x12b06d0_0 .net "lw", 0 0, L_0x12d71a0;  1 drivers
v0x12b0790_0 .net "r_type", 0 0, L_0x12d6970;  1 drivers
v0x12b0850_0 .net "sw", 0 0, L_0x12d75c0;  1 drivers
L_0x12d66c0 .cmp/eq 6, L_0x12d8ee0, L_0x7fe859c58180;
L_0x12d67b0 .functor MUXZ 2, L_0x7fe859c58210, L_0x7fe859c581c8, L_0x12d66c0, C4<>;
L_0x12d6970 .part L_0x12d67b0, 0, 1;
L_0x12d6af0 .cmp/eq 6, L_0x12d8ee0, L_0x7fe859c58258;
L_0x12d6be0 .functor MUXZ 2, L_0x7fe859c582e8, L_0x7fe859c582a0, L_0x12d6af0, C4<>;
L_0x12d6da0 .part L_0x12d6be0, 0, 1;
L_0x12d6ed0 .cmp/eq 6, L_0x12d8ee0, L_0x7fe859c58330;
L_0x12d6fc0 .functor MUXZ 2, L_0x7fe859c583c0, L_0x7fe859c58378, L_0x12d6ed0, C4<>;
L_0x12d71a0 .part L_0x12d6fc0, 0, 1;
L_0x12d7290 .cmp/eq 6, L_0x12d8ee0, L_0x7fe859c58408;
L_0x12d74d0 .functor MUXZ 2, L_0x7fe859c58498, L_0x7fe859c58450, L_0x12d7290, C4<>;
L_0x12d75c0 .part L_0x12d74d0, 0, 1;
L_0x12d7720 .cmp/eq 6, L_0x12d8ee0, L_0x7fe859c584e0;
L_0x12d7810 .functor MUXZ 2, L_0x7fe859c58570, L_0x7fe859c58528, L_0x12d7720, C4<>;
L_0x12d7a20 .part L_0x12d7810, 0, 1;
L_0x12d7b10 .cmp/eq 6, L_0x12d8ee0, L_0x7fe859c585b8;
L_0x12d7c90 .functor MUXZ 2, L_0x7fe859c58648, L_0x7fe859c58600, L_0x12d7b10, C4<>;
L_0x12d7e50 .part L_0x12d7c90, 0, 1;
L_0x12d8ad0 .functor MUXZ 2, L_0x7fe859c58768, L_0x7fe859c58720, L_0x12d7a20, C4<>;
L_0x12d8b70 .functor MUXZ 2, L_0x12d8ad0, L_0x7fe859c586d8, L_0x12d89f0, C4<>;
L_0x12d8d10 .functor MUXZ 2, L_0x12d8b70, L_0x7fe859c58690, L_0x12d6970, C4<>;
S_0x12b0ab0 .scope module, "Data_Memory" "Data_Memory" 3 227, 9 1 0, S_0x1257950;
 .timescale 0 0;
    .port_info 0 /INPUT 32 "addr_i"
    .port_info 1 /INPUT 32 "write_data_i"
    .port_info 2 /INPUT 1 "memWrite_i"
    .port_info 3 /OUTPUT 32 "read_data_o"
v0x12b1520_0 .net "addr_i", 31 0, L_0x12e0a80;  alias, 1 drivers
v0x12b15c0_0 .net "memWrite_i", 0 0, L_0x12e0b70;  1 drivers
v0x12b1680 .array "memory", 255 0, 31 0;
v0x12b3f60_0 .var "read_data_o", 31 0;
v0x12b4040_0 .net "write_data_i", 31 0, L_0x12e0940;  alias, 1 drivers
v0x12b1680_0 .array/port v0x12b1680, 0;
E_0x12b0ca0/0 .event edge, v0x12b15c0_0, v0x12b4040_0, v0x12b1520_0, v0x12b1680_0;
v0x12b1680_1 .array/port v0x12b1680, 1;
v0x12b1680_2 .array/port v0x12b1680, 2;
v0x12b1680_3 .array/port v0x12b1680, 3;
v0x12b1680_4 .array/port v0x12b1680, 4;
E_0x12b0ca0/1 .event edge, v0x12b1680_1, v0x12b1680_2, v0x12b1680_3, v0x12b1680_4;
v0x12b1680_5 .array/port v0x12b1680, 5;
v0x12b1680_6 .array/port v0x12b1680, 6;
v0x12b1680_7 .array/port v0x12b1680, 7;
v0x12b1680_8 .array/port v0x12b1680, 8;
E_0x12b0ca0/2 .event edge, v0x12b1680_5, v0x12b1680_6, v0x12b1680_7, v0x12b1680_8;
v0x12b1680_9 .array/port v0x12b1680, 9;
v0x12b1680_10 .array/port v0x12b1680, 10;
v0x12b1680_11 .array/port v0x12b1680, 11;
v0x12b1680_12 .array/port v0x12b1680, 12;
E_0x12b0ca0/3 .event edge, v0x12b1680_9, v0x12b1680_10, v0x12b1680_11, v0x12b1680_12;
v0x12b1680_13 .array/port v0x12b1680, 13;
v0x12b1680_14 .array/port v0x12b1680, 14;
v0x12b1680_15 .array/port v0x12b1680, 15;
v0x12b1680_16 .array/port v0x12b1680, 16;
E_0x12b0ca0/4 .event edge, v0x12b1680_13, v0x12b1680_14, v0x12b1680_15, v0x12b1680_16;
v0x12b1680_17 .array/port v0x12b1680, 17;
v0x12b1680_18 .array/port v0x12b1680, 18;
v0x12b1680_19 .array/port v0x12b1680, 19;
v0x12b1680_20 .array/port v0x12b1680, 20;
E_0x12b0ca0/5 .event edge, v0x12b1680_17, v0x12b1680_18, v0x12b1680_19, v0x12b1680_20;
v0x12b1680_21 .array/port v0x12b1680, 21;
v0x12b1680_22 .array/port v0x12b1680, 22;
v0x12b1680_23 .array/port v0x12b1680, 23;
v0x12b1680_24 .array/port v0x12b1680, 24;
E_0x12b0ca0/6 .event edge, v0x12b1680_21, v0x12b1680_22, v0x12b1680_23, v0x12b1680_24;
v0x12b1680_25 .array/port v0x12b1680, 25;
v0x12b1680_26 .array/port v0x12b1680, 26;
v0x12b1680_27 .array/port v0x12b1680, 27;
v0x12b1680_28 .array/port v0x12b1680, 28;
E_0x12b0ca0/7 .event edge, v0x12b1680_25, v0x12b1680_26, v0x12b1680_27, v0x12b1680_28;
v0x12b1680_29 .array/port v0x12b1680, 29;
v0x12b1680_30 .array/port v0x12b1680, 30;
v0x12b1680_31 .array/port v0x12b1680, 31;
v0x12b1680_32 .array/port v0x12b1680, 32;
E_0x12b0ca0/8 .event edge, v0x12b1680_29, v0x12b1680_30, v0x12b1680_31, v0x12b1680_32;
v0x12b1680_33 .array/port v0x12b1680, 33;
v0x12b1680_34 .array/port v0x12b1680, 34;
v0x12b1680_35 .array/port v0x12b1680, 35;
v0x12b1680_36 .array/port v0x12b1680, 36;
E_0x12b0ca0/9 .event edge, v0x12b1680_33, v0x12b1680_34, v0x12b1680_35, v0x12b1680_36;
v0x12b1680_37 .array/port v0x12b1680, 37;
v0x12b1680_38 .array/port v0x12b1680, 38;
v0x12b1680_39 .array/port v0x12b1680, 39;
v0x12b1680_40 .array/port v0x12b1680, 40;
E_0x12b0ca0/10 .event edge, v0x12b1680_37, v0x12b1680_38, v0x12b1680_39, v0x12b1680_40;
v0x12b1680_41 .array/port v0x12b1680, 41;
v0x12b1680_42 .array/port v0x12b1680, 42;
v0x12b1680_43 .array/port v0x12b1680, 43;
v0x12b1680_44 .array/port v0x12b1680, 44;
E_0x12b0ca0/11 .event edge, v0x12b1680_41, v0x12b1680_42, v0x12b1680_43, v0x12b1680_44;
v0x12b1680_45 .array/port v0x12b1680, 45;
v0x12b1680_46 .array/port v0x12b1680, 46;
v0x12b1680_47 .array/port v0x12b1680, 47;
v0x12b1680_48 .array/port v0x12b1680, 48;
E_0x12b0ca0/12 .event edge, v0x12b1680_45, v0x12b1680_46, v0x12b1680_47, v0x12b1680_48;
v0x12b1680_49 .array/port v0x12b1680, 49;
v0x12b1680_50 .array/port v0x12b1680, 50;
v0x12b1680_51 .array/port v0x12b1680, 51;
v0x12b1680_52 .array/port v0x12b1680, 52;
E_0x12b0ca0/13 .event edge, v0x12b1680_49, v0x12b1680_50, v0x12b1680_51, v0x12b1680_52;
v0x12b1680_53 .array/port v0x12b1680, 53;
v0x12b1680_54 .array/port v0x12b1680, 54;
v0x12b1680_55 .array/port v0x12b1680, 55;
v0x12b1680_56 .array/port v0x12b1680, 56;
E_0x12b0ca0/14 .event edge, v0x12b1680_53, v0x12b1680_54, v0x12b1680_55, v0x12b1680_56;
v0x12b1680_57 .array/port v0x12b1680, 57;
v0x12b1680_58 .array/port v0x12b1680, 58;
v0x12b1680_59 .array/port v0x12b1680, 59;
v0x12b1680_60 .array/port v0x12b1680, 60;
E_0x12b0ca0/15 .event edge, v0x12b1680_57, v0x12b1680_58, v0x12b1680_59, v0x12b1680_60;
v0x12b1680_61 .array/port v0x12b1680, 61;
v0x12b1680_62 .array/port v0x12b1680, 62;
v0x12b1680_63 .array/port v0x12b1680, 63;
v0x12b1680_64 .array/port v0x12b1680, 64;
E_0x12b0ca0/16 .event edge, v0x12b1680_61, v0x12b1680_62, v0x12b1680_63, v0x12b1680_64;
v0x12b1680_65 .array/port v0x12b1680, 65;
v0x12b1680_66 .array/port v0x12b1680, 66;
v0x12b1680_67 .array/port v0x12b1680, 67;
v0x12b1680_68 .array/port v0x12b1680, 68;
E_0x12b0ca0/17 .event edge, v0x12b1680_65, v0x12b1680_66, v0x12b1680_67, v0x12b1680_68;
v0x12b1680_69 .array/port v0x12b1680, 69;
v0x12b1680_70 .array/port v0x12b1680, 70;
v0x12b1680_71 .array/port v0x12b1680, 71;
v0x12b1680_72 .array/port v0x12b1680, 72;
E_0x12b0ca0/18 .event edge, v0x12b1680_69, v0x12b1680_70, v0x12b1680_71, v0x12b1680_72;
v0x12b1680_73 .array/port v0x12b1680, 73;
v0x12b1680_74 .array/port v0x12b1680, 74;
v0x12b1680_75 .array/port v0x12b1680, 75;
v0x12b1680_76 .array/port v0x12b1680, 76;
E_0x12b0ca0/19 .event edge, v0x12b1680_73, v0x12b1680_74, v0x12b1680_75, v0x12b1680_76;
v0x12b1680_77 .array/port v0x12b1680, 77;
v0x12b1680_78 .array/port v0x12b1680, 78;
v0x12b1680_79 .array/port v0x12b1680, 79;
v0x12b1680_80 .array/port v0x12b1680, 80;
E_0x12b0ca0/20 .event edge, v0x12b1680_77, v0x12b1680_78, v0x12b1680_79, v0x12b1680_80;
v0x12b1680_81 .array/port v0x12b1680, 81;
v0x12b1680_82 .array/port v0x12b1680, 82;
v0x12b1680_83 .array/port v0x12b1680, 83;
v0x12b1680_84 .array/port v0x12b1680, 84;
E_0x12b0ca0/21 .event edge, v0x12b1680_81, v0x12b1680_82, v0x12b1680_83, v0x12b1680_84;
v0x12b1680_85 .array/port v0x12b1680, 85;
v0x12b1680_86 .array/port v0x12b1680, 86;
v0x12b1680_87 .array/port v0x12b1680, 87;
v0x12b1680_88 .array/port v0x12b1680, 88;
E_0x12b0ca0/22 .event edge, v0x12b1680_85, v0x12b1680_86, v0x12b1680_87, v0x12b1680_88;
v0x12b1680_89 .array/port v0x12b1680, 89;
v0x12b1680_90 .array/port v0x12b1680, 90;
v0x12b1680_91 .array/port v0x12b1680, 91;
v0x12b1680_92 .array/port v0x12b1680, 92;
E_0x12b0ca0/23 .event edge, v0x12b1680_89, v0x12b1680_90, v0x12b1680_91, v0x12b1680_92;
v0x12b1680_93 .array/port v0x12b1680, 93;
v0x12b1680_94 .array/port v0x12b1680, 94;
v0x12b1680_95 .array/port v0x12b1680, 95;
v0x12b1680_96 .array/port v0x12b1680, 96;
E_0x12b0ca0/24 .event edge, v0x12b1680_93, v0x12b1680_94, v0x12b1680_95, v0x12b1680_96;
v0x12b1680_97 .array/port v0x12b1680, 97;
v0x12b1680_98 .array/port v0x12b1680, 98;
v0x12b1680_99 .array/port v0x12b1680, 99;
v0x12b1680_100 .array/port v0x12b1680, 100;
E_0x12b0ca0/25 .event edge, v0x12b1680_97, v0x12b1680_98, v0x12b1680_99, v0x12b1680_100;
v0x12b1680_101 .array/port v0x12b1680, 101;
v0x12b1680_102 .array/port v0x12b1680, 102;
v0x12b1680_103 .array/port v0x12b1680, 103;
v0x12b1680_104 .array/port v0x12b1680, 104;
E_0x12b0ca0/26 .event edge, v0x12b1680_101, v0x12b1680_102, v0x12b1680_103, v0x12b1680_104;
v0x12b1680_105 .array/port v0x12b1680, 105;
v0x12b1680_106 .array/port v0x12b1680, 106;
v0x12b1680_107 .array/port v0x12b1680, 107;
v0x12b1680_108 .array/port v0x12b1680, 108;
E_0x12b0ca0/27 .event edge, v0x12b1680_105, v0x12b1680_106, v0x12b1680_107, v0x12b1680_108;
v0x12b1680_109 .array/port v0x12b1680, 109;
v0x12b1680_110 .array/port v0x12b1680, 110;
v0x12b1680_111 .array/port v0x12b1680, 111;
v0x12b1680_112 .array/port v0x12b1680, 112;
E_0x12b0ca0/28 .event edge, v0x12b1680_109, v0x12b1680_110, v0x12b1680_111, v0x12b1680_112;
v0x12b1680_113 .array/port v0x12b1680, 113;
v0x12b1680_114 .array/port v0x12b1680, 114;
v0x12b1680_115 .array/port v0x12b1680, 115;
v0x12b1680_116 .array/port v0x12b1680, 116;
E_0x12b0ca0/29 .event edge, v0x12b1680_113, v0x12b1680_114, v0x12b1680_115, v0x12b1680_116;
v0x12b1680_117 .array/port v0x12b1680, 117;
v0x12b1680_118 .array/port v0x12b1680, 118;
v0x12b1680_119 .array/port v0x12b1680, 119;
v0x12b1680_120 .array/port v0x12b1680, 120;
E_0x12b0ca0/30 .event edge, v0x12b1680_117, v0x12b1680_118, v0x12b1680_119, v0x12b1680_120;
v0x12b1680_121 .array/port v0x12b1680, 121;
v0x12b1680_122 .array/port v0x12b1680, 122;
v0x12b1680_123 .array/port v0x12b1680, 123;
v0x12b1680_124 .array/port v0x12b1680, 124;
E_0x12b0ca0/31 .event edge, v0x12b1680_121, v0x12b1680_122, v0x12b1680_123, v0x12b1680_124;
v0x12b1680_125 .array/port v0x12b1680, 125;
v0x12b1680_126 .array/port v0x12b1680, 126;
v0x12b1680_127 .array/port v0x12b1680, 127;
v0x12b1680_128 .array/port v0x12b1680, 128;
E_0x12b0ca0/32 .event edge, v0x12b1680_125, v0x12b1680_126, v0x12b1680_127, v0x12b1680_128;
v0x12b1680_129 .array/port v0x12b1680, 129;
v0x12b1680_130 .array/port v0x12b1680, 130;
v0x12b1680_131 .array/port v0x12b1680, 131;
v0x12b1680_132 .array/port v0x12b1680, 132;
E_0x12b0ca0/33 .event edge, v0x12b1680_129, v0x12b1680_130, v0x12b1680_131, v0x12b1680_132;
v0x12b1680_133 .array/port v0x12b1680, 133;
v0x12b1680_134 .array/port v0x12b1680, 134;
v0x12b1680_135 .array/port v0x12b1680, 135;
v0x12b1680_136 .array/port v0x12b1680, 136;
E_0x12b0ca0/34 .event edge, v0x12b1680_133, v0x12b1680_134, v0x12b1680_135, v0x12b1680_136;
v0x12b1680_137 .array/port v0x12b1680, 137;
v0x12b1680_138 .array/port v0x12b1680, 138;
v0x12b1680_139 .array/port v0x12b1680, 139;
v0x12b1680_140 .array/port v0x12b1680, 140;
E_0x12b0ca0/35 .event edge, v0x12b1680_137, v0x12b1680_138, v0x12b1680_139, v0x12b1680_140;
v0x12b1680_141 .array/port v0x12b1680, 141;
v0x12b1680_142 .array/port v0x12b1680, 142;
v0x12b1680_143 .array/port v0x12b1680, 143;
v0x12b1680_144 .array/port v0x12b1680, 144;
E_0x12b0ca0/36 .event edge, v0x12b1680_141, v0x12b1680_142, v0x12b1680_143, v0x12b1680_144;
v0x12b1680_145 .array/port v0x12b1680, 145;
v0x12b1680_146 .array/port v0x12b1680, 146;
v0x12b1680_147 .array/port v0x12b1680, 147;
v0x12b1680_148 .array/port v0x12b1680, 148;
E_0x12b0ca0/37 .event edge, v0x12b1680_145, v0x12b1680_146, v0x12b1680_147, v0x12b1680_148;
v0x12b1680_149 .array/port v0x12b1680, 149;
v0x12b1680_150 .array/port v0x12b1680, 150;
v0x12b1680_151 .array/port v0x12b1680, 151;
v0x12b1680_152 .array/port v0x12b1680, 152;
E_0x12b0ca0/38 .event edge, v0x12b1680_149, v0x12b1680_150, v0x12b1680_151, v0x12b1680_152;
v0x12b1680_153 .array/port v0x12b1680, 153;
v0x12b1680_154 .array/port v0x12b1680, 154;
v0x12b1680_155 .array/port v0x12b1680, 155;
v0x12b1680_156 .array/port v0x12b1680, 156;
E_0x12b0ca0/39 .event edge, v0x12b1680_153, v0x12b1680_154, v0x12b1680_155, v0x12b1680_156;
v0x12b1680_157 .array/port v0x12b1680, 157;
v0x12b1680_158 .array/port v0x12b1680, 158;
v0x12b1680_159 .array/port v0x12b1680, 159;
v0x12b1680_160 .array/port v0x12b1680, 160;
E_0x12b0ca0/40 .event edge, v0x12b1680_157, v0x12b1680_158, v0x12b1680_159, v0x12b1680_160;
v0x12b1680_161 .array/port v0x12b1680, 161;
v0x12b1680_162 .array/port v0x12b1680, 162;
v0x12b1680_163 .array/port v0x12b1680, 163;
v0x12b1680_164 .array/port v0x12b1680, 164;
E_0x12b0ca0/41 .event edge, v0x12b1680_161, v0x12b1680_162, v0x12b1680_163, v0x12b1680_164;
v0x12b1680_165 .array/port v0x12b1680, 165;
v0x12b1680_166 .array/port v0x12b1680, 166;
v0x12b1680_167 .array/port v0x12b1680, 167;
v0x12b1680_168 .array/port v0x12b1680, 168;
E_0x12b0ca0/42 .event edge, v0x12b1680_165, v0x12b1680_166, v0x12b1680_167, v0x12b1680_168;
v0x12b1680_169 .array/port v0x12b1680, 169;
v0x12b1680_170 .array/port v0x12b1680, 170;
v0x12b1680_171 .array/port v0x12b1680, 171;
v0x12b1680_172 .array/port v0x12b1680, 172;
E_0x12b0ca0/43 .event edge, v0x12b1680_169, v0x12b1680_170, v0x12b1680_171, v0x12b1680_172;
v0x12b1680_173 .array/port v0x12b1680, 173;
v0x12b1680_174 .array/port v0x12b1680, 174;
v0x12b1680_175 .array/port v0x12b1680, 175;
v0x12b1680_176 .array/port v0x12b1680, 176;
E_0x12b0ca0/44 .event edge, v0x12b1680_173, v0x12b1680_174, v0x12b1680_175, v0x12b1680_176;
v0x12b1680_177 .array/port v0x12b1680, 177;
v0x12b1680_178 .array/port v0x12b1680, 178;
v0x12b1680_179 .array/port v0x12b1680, 179;
v0x12b1680_180 .array/port v0x12b1680, 180;
E_0x12b0ca0/45 .event edge, v0x12b1680_177, v0x12b1680_178, v0x12b1680_179, v0x12b1680_180;
v0x12b1680_181 .array/port v0x12b1680, 181;
v0x12b1680_182 .array/port v0x12b1680, 182;
v0x12b1680_183 .array/port v0x12b1680, 183;
v0x12b1680_184 .array/port v0x12b1680, 184;
E_0x12b0ca0/46 .event edge, v0x12b1680_181, v0x12b1680_182, v0x12b1680_183, v0x12b1680_184;
v0x12b1680_185 .array/port v0x12b1680, 185;
v0x12b1680_186 .array/port v0x12b1680, 186;
v0x12b1680_187 .array/port v0x12b1680, 187;
v0x12b1680_188 .array/port v0x12b1680, 188;
E_0x12b0ca0/47 .event edge, v0x12b1680_185, v0x12b1680_186, v0x12b1680_187, v0x12b1680_188;
v0x12b1680_189 .array/port v0x12b1680, 189;
v0x12b1680_190 .array/port v0x12b1680, 190;
v0x12b1680_191 .array/port v0x12b1680, 191;
v0x12b1680_192 .array/port v0x12b1680, 192;
E_0x12b0ca0/48 .event edge, v0x12b1680_189, v0x12b1680_190, v0x12b1680_191, v0x12b1680_192;
v0x12b1680_193 .array/port v0x12b1680, 193;
v0x12b1680_194 .array/port v0x12b1680, 194;
v0x12b1680_195 .array/port v0x12b1680, 195;
v0x12b1680_196 .array/port v0x12b1680, 196;
E_0x12b0ca0/49 .event edge, v0x12b1680_193, v0x12b1680_194, v0x12b1680_195, v0x12b1680_196;
v0x12b1680_197 .array/port v0x12b1680, 197;
v0x12b1680_198 .array/port v0x12b1680, 198;
v0x12b1680_199 .array/port v0x12b1680, 199;
v0x12b1680_200 .array/port v0x12b1680, 200;
E_0x12b0ca0/50 .event edge, v0x12b1680_197, v0x12b1680_198, v0x12b1680_199, v0x12b1680_200;
v0x12b1680_201 .array/port v0x12b1680, 201;
v0x12b1680_202 .array/port v0x12b1680, 202;
v0x12b1680_203 .array/port v0x12b1680, 203;
v0x12b1680_204 .array/port v0x12b1680, 204;
E_0x12b0ca0/51 .event edge, v0x12b1680_201, v0x12b1680_202, v0x12b1680_203, v0x12b1680_204;
v0x12b1680_205 .array/port v0x12b1680, 205;
v0x12b1680_206 .array/port v0x12b1680, 206;
v0x12b1680_207 .array/port v0x12b1680, 207;
v0x12b1680_208 .array/port v0x12b1680, 208;
E_0x12b0ca0/52 .event edge, v0x12b1680_205, v0x12b1680_206, v0x12b1680_207, v0x12b1680_208;
v0x12b1680_209 .array/port v0x12b1680, 209;
v0x12b1680_210 .array/port v0x12b1680, 210;
v0x12b1680_211 .array/port v0x12b1680, 211;
v0x12b1680_212 .array/port v0x12b1680, 212;
E_0x12b0ca0/53 .event edge, v0x12b1680_209, v0x12b1680_210, v0x12b1680_211, v0x12b1680_212;
v0x12b1680_213 .array/port v0x12b1680, 213;
v0x12b1680_214 .array/port v0x12b1680, 214;
v0x12b1680_215 .array/port v0x12b1680, 215;
v0x12b1680_216 .array/port v0x12b1680, 216;
E_0x12b0ca0/54 .event edge, v0x12b1680_213, v0x12b1680_214, v0x12b1680_215, v0x12b1680_216;
v0x12b1680_217 .array/port v0x12b1680, 217;
v0x12b1680_218 .array/port v0x12b1680, 218;
v0x12b1680_219 .array/port v0x12b1680, 219;
v0x12b1680_220 .array/port v0x12b1680, 220;
E_0x12b0ca0/55 .event edge, v0x12b1680_217, v0x12b1680_218, v0x12b1680_219, v0x12b1680_220;
v0x12b1680_221 .array/port v0x12b1680, 221;
v0x12b1680_222 .array/port v0x12b1680, 222;
v0x12b1680_223 .array/port v0x12b1680, 223;
v0x12b1680_224 .array/port v0x12b1680, 224;
E_0x12b0ca0/56 .event edge, v0x12b1680_221, v0x12b1680_222, v0x12b1680_223, v0x12b1680_224;
v0x12b1680_225 .array/port v0x12b1680, 225;
v0x12b1680_226 .array/port v0x12b1680, 226;
v0x12b1680_227 .array/port v0x12b1680, 227;
v0x12b1680_228 .array/port v0x12b1680, 228;
E_0x12b0ca0/57 .event edge, v0x12b1680_225, v0x12b1680_226, v0x12b1680_227, v0x12b1680_228;
v0x12b1680_229 .array/port v0x12b1680, 229;
v0x12b1680_230 .array/port v0x12b1680, 230;
v0x12b1680_231 .array/port v0x12b1680, 231;
v0x12b1680_232 .array/port v0x12b1680, 232;
E_0x12b0ca0/58 .event edge, v0x12b1680_229, v0x12b1680_230, v0x12b1680_231, v0x12b1680_232;
v0x12b1680_233 .array/port v0x12b1680, 233;
v0x12b1680_234 .array/port v0x12b1680, 234;
v0x12b1680_235 .array/port v0x12b1680, 235;
v0x12b1680_236 .array/port v0x12b1680, 236;
E_0x12b0ca0/59 .event edge, v0x12b1680_233, v0x12b1680_234, v0x12b1680_235, v0x12b1680_236;
v0x12b1680_237 .array/port v0x12b1680, 237;
v0x12b1680_238 .array/port v0x12b1680, 238;
v0x12b1680_239 .array/port v0x12b1680, 239;
v0x12b1680_240 .array/port v0x12b1680, 240;
E_0x12b0ca0/60 .event edge, v0x12b1680_237, v0x12b1680_238, v0x12b1680_239, v0x12b1680_240;
v0x12b1680_241 .array/port v0x12b1680, 241;
v0x12b1680_242 .array/port v0x12b1680, 242;
v0x12b1680_243 .array/port v0x12b1680, 243;
v0x12b1680_244 .array/port v0x12b1680, 244;
E_0x12b0ca0/61 .event edge, v0x12b1680_241, v0x12b1680_242, v0x12b1680_243, v0x12b1680_244;
v0x12b1680_245 .array/port v0x12b1680, 245;
v0x12b1680_246 .array/port v0x12b1680, 246;
v0x12b1680_247 .array/port v0x12b1680, 247;
v0x12b1680_248 .array/port v0x12b1680, 248;
E_0x12b0ca0/62 .event edge, v0x12b1680_245, v0x12b1680_246, v0x12b1680_247, v0x12b1680_248;
v0x12b1680_249 .array/port v0x12b1680, 249;
v0x12b1680_250 .array/port v0x12b1680, 250;
v0x12b1680_251 .array/port v0x12b1680, 251;
v0x12b1680_252 .array/port v0x12b1680, 252;
E_0x12b0ca0/63 .event edge, v0x12b1680_249, v0x12b1680_250, v0x12b1680_251, v0x12b1680_252;
v0x12b1680_253 .array/port v0x12b1680, 253;
v0x12b1680_254 .array/port v0x12b1680, 254;
v0x12b1680_255 .array/port v0x12b1680, 255;
E_0x12b0ca0/64 .event edge, v0x12b1680_253, v0x12b1680_254, v0x12b1680_255;
E_0x12b0ca0 .event/or E_0x12b0ca0/0, E_0x12b0ca0/1, E_0x12b0ca0/2, E_0x12b0ca0/3, E_0x12b0ca0/4, E_0x12b0ca0/5, E_0x12b0ca0/6, E_0x12b0ca0/7, E_0x12b0ca0/8, E_0x12b0ca0/9, E_0x12b0ca0/10, E_0x12b0ca0/11, E_0x12b0ca0/12, E_0x12b0ca0/13, E_0x12b0ca0/14, E_0x12b0ca0/15, E_0x12b0ca0/16, E_0x12b0ca0/17, E_0x12b0ca0/18, E_0x12b0ca0/19, E_0x12b0ca0/20, E_0x12b0ca0/21, E_0x12b0ca0/22, E_0x12b0ca0/23, E_0x12b0ca0/24, E_0x12b0ca0/25, E_0x12b0ca0/26, E_0x12b0ca0/27, E_0x12b0ca0/28, E_0x12b0ca0/29, E_0x12b0ca0/30, E_0x12b0ca0/31, E_0x12b0ca0/32, E_0x12b0ca0/33, E_0x12b0ca0/34, E_0x12b0ca0/35, E_0x12b0ca0/36, E_0x12b0ca0/37, E_0x12b0ca0/38, E_0x12b0ca0/39, E_0x12b0ca0/40, E_0x12b0ca0/41, E_0x12b0ca0/42, E_0x12b0ca0/43, E_0x12b0ca0/44, E_0x12b0ca0/45, E_0x12b0ca0/46, E_0x12b0ca0/47, E_0x12b0ca0/48, E_0x12b0ca0/49, E_0x12b0ca0/50, E_0x12b0ca0/51, E_0x12b0ca0/52, E_0x12b0ca0/53, E_0x12b0ca0/54, E_0x12b0ca0/55, E_0x12b0ca0/56, E_0x12b0ca0/57, E_0x12b0ca0/58, E_0x12b0ca0/59, E_0x12b0ca0/60, E_0x12b0ca0/61, E_0x12b0ca0/62, E_0x12b0ca0/63, E_0x12b0ca0/64;
S_0x12b41f0 .scope module, "EX_MEM" "DFFs" 3 220, 10 1 0, S_0x1257950;
 .timescale 0 0;
    .port_info 0 /INPUT 1 "clk_i"
    .port_info 1 /INPUT 1 "rst_i"
    .port_info 2 /INPUT 72 "write_i"
    .port_info 3 /OUTPUT 72 "read_o"
P_0x12b43c0 .param/l "SIZE" 0 10 8, +C4<00000000000000000000000001001000>;
v0x12b4580_0 .net "clk_i", 0 0, v0x12c3e40_0;  alias, 1 drivers
v0x12b4660_0 .var "read_o", 71 0;
v0x12b4740_0 .net "rst_i", 0 0, v0x12c3ee0_0;  alias, 1 drivers
v0x12b4810_0 .net "write_i", 71 0, L_0x12e08a0;  1 drivers
E_0x12b4500 .event posedge, v0x12b4740_0, v0x12b4580_0;
S_0x12b49a0 .scope module, "FW" "Forwarding" 3 162, 11 1 0, S_0x1257950;
 .timescale 0 0;
    .port_info 0 /INPUT 5 "ID_EX_Rs_i"
    .port_info 1 /INPUT 5 "ID_EX_Rt_i"
    .port_info 2 /INPUT 5 "EX_MEM_Rd_i"
    .port_info 3 /INPUT 1 "EX_MEM_RegWrite_i"
    .port_info 4 /INPUT 5 "MEM_WB_Rd_i"
    .port_info 5 /INPUT 1 "MEM_WB_RegWrite_i"
    .port_info 6 /OUTPUT 2 "ForwardA_o"
    .port_info 7 /OUTPUT 2 "ForwardB_o"
L_0x12da9f0 .functor AND 1, L_0x12da730, L_0x12da8b0, C4<1>, C4<1>;
L_0x12dae00 .functor AND 1, L_0x12dc440, L_0x12d73c0, C4<1>, C4<1>;
L_0x12daf60 .functor AND 1, L_0x12da9f0, L_0x12daec0, C4<1>, C4<1>;
L_0x12db1a0 .functor AND 1, L_0x12dae00, L_0x12db070, C4<1>, C4<1>;
L_0x12db3e0 .functor AND 1, L_0x12db1a0, L_0x12db2b0, C4<1>, C4<1>;
L_0x12db8b0 .functor AND 1, L_0x12da9f0, L_0x12db810, C4<1>, C4<1>;
L_0x12dba10 .functor AND 1, L_0x12dae00, L_0x12db920, C4<1>, C4<1>;
L_0x12dbbe0 .functor AND 1, L_0x12dba10, L_0x12dbad0, C4<1>, C4<1>;
v0x12b4c90_0 .net "EX_Hazard", 0 0, L_0x12da9f0;  1 drivers
v0x12b4d70_0 .net "EX_MEM_Rd_i", 4 0, L_0x12e0cc0;  alias, 1 drivers
v0x12b4e50_0 .net "EX_MEM_RegWrite_i", 0 0, L_0x12da730;  1 drivers
v0x12b4ef0_0 .net "ForwardA_o", 1 0, L_0x12db680;  alias, 1 drivers
v0x12b4fd0_0 .net "ForwardB_o", 1 0, L_0x12dbed0;  alias, 1 drivers
v0x12b5100_0 .net "ID_EX_Rs_i", 4 0, L_0x12dc060;  1 drivers
v0x12b51e0_0 .net "ID_EX_Rt_i", 4 0, L_0x12dc190;  1 drivers
v0x12b52c0_0 .net "MEM_Hazard", 0 0, L_0x12dae00;  1 drivers
v0x12b5380_0 .net "MEM_WB_Rd_i", 4 0, L_0x12e13f0;  alias, 1 drivers
v0x12b54f0_0 .net "MEM_WB_RegWrite_i", 0 0, L_0x12dc440;  1 drivers
v0x12b55b0_0 .net *"_s0", 31 0, L_0x12da4e0;  1 drivers
v0x12b5690_0 .net *"_s10", 31 0, L_0x12daab0;  1 drivers
L_0x7fe859c588d0 .functor BUFT 1, C4<000000000000000000000000000>, C4<0>, C4<0>, C4<0>;
v0x12b5770_0 .net *"_s13", 26 0, L_0x7fe859c588d0;  1 drivers
L_0x7fe859c58918 .functor BUFT 1, C4<00000000000000000000000000000000>, C4<0>, C4<0>, C4<0>;
v0x12b5850_0 .net/2u *"_s14", 31 0, L_0x7fe859c58918;  1 drivers
v0x12b5930_0 .net *"_s16", 0 0, L_0x12d73c0;  1 drivers
v0x12b59f0_0 .net *"_s20", 0 0, L_0x12daec0;  1 drivers
v0x12b5ab0_0 .net *"_s22", 0 0, L_0x12daf60;  1 drivers
L_0x7fe859c58960 .functor BUFT 1, C4<10>, C4<0>, C4<0>, C4<0>;
v0x12b5c60_0 .net/2u *"_s24", 1 0, L_0x7fe859c58960;  1 drivers
v0x12b5d00_0 .net *"_s26", 0 0, L_0x12db070;  1 drivers
v0x12b5dc0_0 .net *"_s28", 0 0, L_0x12db1a0;  1 drivers
L_0x7fe859c58840 .functor BUFT 1, C4<000000000000000000000000000>, C4<0>, C4<0>, C4<0>;
v0x12b5ea0_0 .net *"_s3", 26 0, L_0x7fe859c58840;  1 drivers
v0x12b5f80_0 .net *"_s30", 0 0, L_0x12db2b0;  1 drivers
v0x12b6040_0 .net *"_s32", 0 0, L_0x12db3e0;  1 drivers
L_0x7fe859c589a8 .functor BUFT 1, C4<01>, C4<0>, C4<0>, C4<0>;
v0x12b6120_0 .net/2u *"_s34", 1 0, L_0x7fe859c589a8;  1 drivers
L_0x7fe859c589f0 .functor BUFT 1, C4<00>, C4<0>, C4<0>, C4<0>;
v0x12b6200_0 .net/2u *"_s36", 1 0, L_0x7fe859c589f0;  1 drivers
v0x12b62e0_0 .net *"_s38", 1 0, L_0x12db4a0;  1 drivers
L_0x7fe859c58888 .functor BUFT 1, C4<00000000000000000000000000000000>, C4<0>, C4<0>, C4<0>;
v0x12b63c0_0 .net/2u *"_s4", 31 0, L_0x7fe859c58888;  1 drivers
v0x12b64a0_0 .net *"_s42", 0 0, L_0x12db810;  1 drivers
v0x12b6560_0 .net *"_s44", 0 0, L_0x12db8b0;  1 drivers
L_0x7fe859c58a38 .functor BUFT 1, C4<10>, C4<0>, C4<0>, C4<0>;
v0x12b6640_0 .net/2u *"_s46", 1 0, L_0x7fe859c58a38;  1 drivers
v0x12b6720_0 .net *"_s48", 0 0, L_0x12db920;  1 drivers
v0x12b67e0_0 .net *"_s50", 0 0, L_0x12dba10;  1 drivers
v0x12b68c0_0 .net *"_s52", 0 0, L_0x12dbad0;  1 drivers
v0x12b5b70_0 .net *"_s54", 0 0, L_0x12dbbe0;  1 drivers
L_0x7fe859c58a80 .functor BUFT 1, C4<01>, C4<0>, C4<0>, C4<0>;
v0x12b6b70_0 .net/2u *"_s56", 1 0, L_0x7fe859c58a80;  1 drivers
L_0x7fe859c58ac8 .functor BUFT 1, C4<00>, C4<0>, C4<0>, C4<0>;
v0x12b6c50_0 .net/2u *"_s58", 1 0, L_0x7fe859c58ac8;  1 drivers
v0x12b6d30_0 .net *"_s6", 0 0, L_0x12da8b0;  1 drivers
v0x12b6df0_0 .net *"_s60", 1 0, L_0x12dbd40;  1 drivers
L_0x12da4e0 .concat [ 5 27 0 0], L_0x12e0cc0, L_0x7fe859c58840;
L_0x12da8b0 .cmp/ne 32, L_0x12da4e0, L_0x7fe859c58888;
L_0x12daab0 .concat [ 5 27 0 0], L_0x12e13f0, L_0x7fe859c588d0;
L_0x12d73c0 .cmp/ne 32, L_0x12daab0, L_0x7fe859c58918;
L_0x12daec0 .cmp/eq 5, L_0x12e0cc0, L_0x12dc060;
L_0x12db070 .cmp/ne 5, L_0x12e0cc0, L_0x12dc060;
L_0x12db2b0 .cmp/eq 5, L_0x12e13f0, L_0x12dc060;
L_0x12db4a0 .functor MUXZ 2, L_0x7fe859c589f0, L_0x7fe859c589a8, L_0x12db3e0, C4<>;
L_0x12db680 .functor MUXZ 2, L_0x12db4a0, L_0x7fe859c58960, L_0x12daf60, C4<>;
L_0x12db810 .cmp/eq 5, L_0x12e0cc0, L_0x12dc190;
L_0x12db920 .cmp/ne 5, L_0x12e0cc0, L_0x12dc190;
L_0x12dbad0 .cmp/eq 5, L_0x12e13f0, L_0x12dc190;
L_0x12dbd40 .functor MUXZ 2, L_0x7fe859c58ac8, L_0x7fe859c58a80, L_0x12dbbe0, C4<>;
L_0x12dbed0 .functor MUXZ 2, L_0x12dbd40, L_0x7fe859c58a38, L_0x12db8b0, C4<>;
S_0x12b6fd0 .scope module, "HD" "Hazard_Detection" 3 97, 12 1 0, S_0x1257950;
 .timescale 0 0;
    .port_info 0 /INPUT 1 "ID_EX_MemRead_i"
    .port_info 1 /INPUT 5 "ID_EX_Rt_i"
    .port_info 2 /INPUT 5 "IF_ID_Rs_i"
    .port_info 3 /INPUT 5 "IF_ID_Rt_i"
    .port_info 4 /OUTPUT 1 "bubble_o"
    .port_info 5 /OUTPUT 1 "IF_ID_Write_o"
    .port_info 6 /OUTPUT 1 "PC_Write_o"
L_0x12d57b0 .functor OR 1, L_0x12d5620, L_0x12d56c0, C4<0>, C4<0>;
L_0x12d58c0 .functor AND 1, L_0x12d5bb0, L_0x12d57b0, C4<1>, C4<1>;
L_0x12d5980 .functor BUFZ 1, L_0x12d58c0, C4<0>, C4<0>, C4<0>;
L_0x12d5a40 .functor BUFZ 1, L_0x12d58c0, C4<0>, C4<0>, C4<0>;
L_0x12d5ab0 .functor BUFZ 1, L_0x12d58c0, C4<0>, C4<0>, C4<0>;
v0x12b72d0_0 .net "ID_EX_MemRead_i", 0 0, L_0x12d5bb0;  1 drivers
v0x12b73b0_0 .net "ID_EX_Rt_i", 4 0, L_0x12d5c50;  1 drivers
v0x12b7490_0 .net "IF_ID_Rs_i", 4 0, L_0x12d5d40;  1 drivers
v0x12b7550_0 .net "IF_ID_Rt_i", 4 0, L_0x12d5e30;  1 drivers
v0x12b7630_0 .net "IF_ID_Write_o", 0 0, L_0x12d5a40;  alias, 1 drivers
v0x12b76f0_0 .net "PC_Write_o", 0 0, L_0x12d5ab0;  alias, 1 drivers
v0x12b77b0_0 .net *"_s0", 0 0, L_0x12d5620;  1 drivers
v0x12b7870_0 .net *"_s2", 0 0, L_0x12d56c0;  1 drivers
v0x12b7930_0 .net *"_s4", 0 0, L_0x12d57b0;  1 drivers
v0x12b7aa0_0 .net "bubble_o", 0 0, L_0x12d5980;  alias, 1 drivers
v0x12b7b60_0 .net "stall", 0 0, L_0x12d58c0;  1 drivers
L_0x12d5620 .cmp/eq 5, L_0x12d5c50, L_0x12d5d40;
L_0x12d56c0 .cmp/eq 5, L_0x12d5c50, L_0x12d5e30;
S_0x12b7d40 .scope module, "ID_EX" "DFFs" 3 155, 10 1 0, S_0x1257950;
 .timescale 0 0;
    .port_info 0 /INPUT 1 "clk_i"
    .port_info 1 /INPUT 1 "rst_i"
    .port_info 2 /INPUT 118 "write_i"
    .port_info 3 /OUTPUT 118 "read_o"
P_0x12b7ec0 .param/l "SIZE" 0 10 8, +C4<00000000000000000000000001110110>;
v0x12b7fd0_0 .net "clk_i", 0 0, v0x12c3e40_0;  alias, 1 drivers
v0x12b80c0_0 .var "read_o", 117 0;
v0x12b8180_0 .net "rst_i", 0 0, v0x12c3ee0_0;  alias, 1 drivers
v0x12b8280_0 .net "write_i", 117 0, L_0x12d98a0;  1 drivers
S_0x12b83d0 .scope module, "IF_ID" "IF_ID_DFFs" 3 88, 13 1 0, S_0x1257950;
 .timescale 0 0;
    .port_info 0 /INPUT 1 "clk_i"
    .port_info 1 /INPUT 1 "rst_i"
    .port_info 2 /INPUT 64 "write_i"
    .port_info 3 /INPUT 1 "stall_i"
    .port_info 4 /INPUT 1 "flush_i"
    .port_info 5 /OUTPUT 64 "read_o"
P_0x12b85a0 .param/l "SIZE" 0 13 10, +C4<00000000000000000000000001000000>;
v0x12b87a0_0 .net "clk_i", 0 0, v0x12c3e40_0;  alias, 1 drivers
v0x12b8840_0 .net "flush_i", 0 0, L_0x12c4590;  alias, 1 drivers
v0x12b88e0_0 .var "read_o", 63 0;
v0x12b89a0_0 .net "rst_i", 0 0, v0x12c3ee0_0;  alias, 1 drivers
v0x12b8a90_0 .net "stall_i", 0 0, L_0x12d5a40;  alias, 1 drivers
v0x12b8b80_0 .net "write_i", 63 0, L_0x12d5310;  1 drivers
S_0x12b8d40 .scope module, "Instruction_Memory" "Instruction_Memory" 3 83, 14 1 0, S_0x1257950;
 .timescale 0 0;
    .port_info 0 /INPUT 32 "addr_i"
    .port_info 1 /OUTPUT 32 "instr_o"
L_0x12d5200 .functor BUFZ 32, L_0x12d4f00, C4<00000000000000000000000000000000>, C4<00000000000000000000000000000000>, C4<00000000000000000000000000000000>;
v0x12b8f30_0 .net *"_s0", 31 0, L_0x12d4f00;  1 drivers
v0x12b9030_0 .net *"_s2", 31 0, L_0x12d5070;  1 drivers
v0x12b9110_0 .net *"_s4", 29 0, L_0x12d4fa0;  1 drivers
L_0x7fe859c580a8 .functor BUFT 1, C4<00>, C4<0>, C4<0>, C4<0>;
v0x12b91d0_0 .net *"_s6", 1 0, L_0x7fe859c580a8;  1 drivers
v0x12b92b0_0 .net "addr_i", 31 0, v0x12bcd60_0;  alias, 1 drivers
v0x12b93c0_0 .net "instr_o", 31 0, L_0x12d5200;  alias, 1 drivers
v0x12b9480 .array "memory", 255 0, 31 0;
L_0x12d4f00 .array/port v0x12b9480, L_0x12d5070;
L_0x12d4fa0 .part v0x12bcd60_0, 2, 30;
L_0x12d5070 .concat [ 30 2 0 0], L_0x12d4fa0, L_0x7fe859c580a8;
S_0x12b95a0 .scope module, "MEM_WB" "DFFs" 3 236, 10 1 0, S_0x1257950;
 .timescale 0 0;
    .port_info 0 /INPUT 1 "clk_i"
    .port_info 1 /INPUT 1 "rst_i"
    .port_info 2 /INPUT 71 "write_i"
    .port_info 3 /OUTPUT 71 "read_o"
P_0x12b9770 .param/l "SIZE" 0 10 8, +C4<00000000000000000000000001000111>;
v0x12b9940_0 .net "clk_i", 0 0, v0x12c3e40_0;  alias, 1 drivers
v0x12b99e0_0 .var "read_o", 70 0;
v0x12b9a80_0 .net "rst_i", 0 0, v0x12c3ee0_0;  alias, 1 drivers
v0x12b9b50_0 .net "write_i", 70 0, L_0x12e0df0;  1 drivers
S_0x12b9ca0 .scope module, "MUX1" "MUX" 3 69, 15 1 0, S_0x1257950;
 .timescale 0 0;
    .port_info 0 /INPUT 32 "data1_i"
    .port_info 1 /INPUT 32 "data2_i"
    .port_info 2 /INPUT 1 "select_i"
    .port_info 3 /OUTPUT 32 "data_o"
P_0x12b9e70 .param/l "SIZE" 0 15 8, +C4<00000000000000000000000000100000>;
v0x12b9fb0_0 .net "data1_i", 31 0, L_0x12c46f0;  alias, 1 drivers
v0x12ba0c0_0 .net "data2_i", 31 0, L_0x12d6270;  alias, 1 drivers
v0x12ba190_0 .net "data_o", 31 0, L_0x12d48a0;  alias, 1 drivers
v0x12ba260_0 .net "select_i", 0 0, L_0x12c4790;  1 drivers
L_0x12d48a0 .functor MUXZ 32, L_0x12c46f0, L_0x12d6270, L_0x12c4790, C4<>;
S_0x12ba3d0 .scope module, "MUX2" "MUX" 3 76, 15 1 0, S_0x1257950;
 .timescale 0 0;
    .port_info 0 /INPUT 32 "data1_i"
    .port_info 1 /INPUT 32 "data2_i"
    .port_info 2 /INPUT 1 "select_i"
    .port_info 3 /OUTPUT 32 "data_o"
P_0x12ba5a0 .param/l "SIZE" 0 15 8, +C4<00000000000000000000000000100000>;
v0x12ba6e0_0 .net "data1_i", 31 0, L_0x12d48a0;  alias, 1 drivers
v0x12ba7f0_0 .net "data2_i", 31 0, L_0x12d4d40;  1 drivers
v0x12ba8b0_0 .net "data_o", 31 0, L_0x12d4a70;  alias, 1 drivers
v0x12ba9a0_0 .net "select_i", 0 0, L_0x12d84e0;  alias, 1 drivers
L_0x12d4a70 .functor MUXZ 32, L_0x12d48a0, L_0x12d4d40, L_0x12d84e0, C4<>;
S_0x12bab00 .scope module, "MUX5" "MUX" 3 243, 15 1 0, S_0x1257950;
 .timescale 0 0;
    .port_info 0 /INPUT 32 "data1_i"
    .port_info 1 /INPUT 32 "data2_i"
    .port_info 2 /INPUT 1 "select_i"
    .port_info 3 /OUTPUT 32 "data_o"
P_0x12bacd0 .param/l "SIZE" 0 15 8, +C4<00000000000000000000000000100000>;
v0x12bae10_0 .net "data1_i", 31 0, L_0x12e1080;  alias, 1 drivers
v0x12baf10_0 .net "data2_i", 31 0, L_0x12e0fe0;  alias, 1 drivers
v0x12baff0_0 .net "data_o", 31 0, L_0x12e1520;  alias, 1 drivers
v0x12bb0e0_0 .net "select_i", 0 0, L_0x12e15c0;  1 drivers
L_0x12e1520 .functor MUXZ 32, L_0x12e1080, L_0x12e0fe0, L_0x12e15c0, C4<>;
S_0x12bb250 .scope module, "MUX8" "MUX" 3 107, 15 1 0, S_0x1257950;
 .timescale 0 0;
    .port_info 0 /INPUT 7 "data1_i"
    .port_info 1 /INPUT 7 "data2_i"
    .port_info 2 /INPUT 1 "select_i"
    .port_info 3 /OUTPUT 7 "data_o"
P_0x12b7150 .param/l "SIZE" 0 15 8, +C4<00000000000000000000000000000111>;
v0x12bb5f0_0 .net "data1_i", 6 0, L_0x12d6140;  1 drivers
L_0x7fe859c580f0 .functor BUFT 1, C4<0000000>, C4<0>, C4<0>, C4<0>;
v0x12bb6f0_0 .net "data2_i", 6 0, L_0x7fe859c580f0;  1 drivers
v0x12bb7d0_0 .net "data_o", 6 0, L_0x12d6010;  alias, 1 drivers
v0x12bb8c0_0 .net "select_i", 0 0, L_0x12d5980;  alias, 1 drivers
L_0x12d6010 .functor MUXZ 7, L_0x12d6140, L_0x7fe859c580f0, L_0x12d5980, C4<>;
S_0x12bba20 .scope module, "MUX_ALUSrc" "MUX" 3 192, 15 1 0, S_0x1257950;
 .timescale 0 0;
    .port_info 0 /INPUT 32 "data1_i"
    .port_info 1 /INPUT 32 "data2_i"
    .port_info 2 /INPUT 1 "select_i"
    .port_info 3 /OUTPUT 32 "data_o"
P_0x12bbbf0 .param/l "SIZE" 0 15 8, +C4<00000000000000000000000000100000>;
v0x12bbdc0_0 .net "data1_i", 31 0, L_0x12dd690;  alias, 1 drivers
v0x12bbe60_0 .net "data2_i", 31 0, L_0x12da330;  alias, 1 drivers
v0x12bbf40_0 .net "data_o", 31 0, L_0x12dd870;  alias, 1 drivers
v0x12bc040_0 .net "select_i", 0 0, L_0x12dd9a0;  1 drivers
L_0x12dd870 .functor MUXZ 32, L_0x12dd690, L_0x12da330, L_0x12dd9a0, C4<>;
S_0x12bc190 .scope module, "MUX_RegDst" "MUX" 3 199, 15 1 0, S_0x1257950;
 .timescale 0 0;
    .port_info 0 /INPUT 5 "data1_i"
    .port_info 1 /INPUT 5 "data2_i"
    .port_info 2 /INPUT 1 "select_i"
    .port_info 3 /OUTPUT 5 "data_o"
P_0x12bc360 .param/l "SIZE" 0 15 8, +C4<00000000000000000000000000000101>;
v0x12bc4a0_0 .net "data1_i", 4 0, L_0x12ddb30;  1 drivers
v0x12bc5a0_0 .net "data2_i", 4 0, L_0x12dc4e0;  1 drivers
v0x12bc680_0 .net "data_o", 4 0, L_0x12dda40;  alias, 1 drivers
v0x12bc770_0 .net "select_i", 0 0, L_0x12ddd30;  1 drivers
L_0x12dda40 .functor MUXZ 5, L_0x12ddb30, L_0x12dc4e0, L_0x12ddd30, C4<>;
S_0x12bc8e0 .scope module, "PC" "PC" 3 54, 16 1 0, S_0x1257950;
 .timescale 0 0;
    .port_info 0 /INPUT 1 "clk_i"
    .port_info 1 /INPUT 1 "rst_i"
    .port_info 2 /INPUT 1 "start_i"
    .port_info 3 /INPUT 32 "pc_i"
    .port_info 4 /INPUT 1 "pc_write_i"
    .port_info 5 /OUTPUT 32 "pc_o"
v0x12bcb50_0 .net "clk_i", 0 0, v0x12c3e40_0;  alias, 1 drivers
v0x12bcca0_0 .net "pc_i", 31 0, L_0x12d4a70;  alias, 1 drivers
v0x12bcd60_0 .var "pc_o", 31 0;
v0x12bce30_0 .net "pc_write_i", 0 0, L_0x12d5ab0;  alias, 1 drivers
v0x12bced0_0 .net "rst_i", 0 0, v0x12c3ee0_0;  alias, 1 drivers
v0x12bd050_0 .net "start_i", 0 0, v0x12c3fa0_0;  alias, 1 drivers
S_0x12bd1d0 .scope module, "Registers" "Registers" 3 135, 17 1 0, S_0x1257950;
 .timescale 0 0;
    .port_info 0 /INPUT 1 "clk_i"
    .port_info 1 /INPUT 5 "RSaddr_i"
    .port_info 2 /INPUT 5 "RTaddr_i"
    .port_info 3 /INPUT 5 "RDaddr_i"
    .port_info 4 /INPUT 32 "RDdata_i"
    .port_info 5 /INPUT 1 "RegWrite_i"
    .port_info 6 /OUTPUT 32 "RSdata_o"
    .port_info 7 /OUTPUT 32 "RTdata_o"
L_0x12d6310 .functor BUFZ 32, L_0x12d8f80, C4<00000000000000000000000000000000>, C4<00000000000000000000000000000000>, C4<00000000000000000000000000000000>;
L_0x12d93e0 .functor BUFZ 32, L_0x12d9200, C4<00000000000000000000000000000000>, C4<00000000000000000000000000000000>, C4<00000000000000000000000000000000>;
v0x12bd4b0_0 .net "RDaddr_i", 4 0, L_0x12e13f0;  alias, 1 drivers
v0x12bd590_0 .net "RDdata_i", 31 0, L_0x12e1520;  alias, 1 drivers
v0x12bd660_0 .net "RSaddr_i", 4 0, L_0x12d94f0;  1 drivers
v0x12bd730_0 .net "RSdata_o", 31 0, L_0x12d6310;  alias, 1 drivers
v0x12bd810_0 .net "RTaddr_i", 4 0, L_0x12d95e0;  1 drivers
v0x12bd940_0 .net "RTdata_o", 31 0, L_0x12d93e0;  alias, 1 drivers
v0x12bda20_0 .net "RegWrite_i", 0 0, L_0x12d9760;  1 drivers
v0x12bdae0_0 .net *"_s0", 31 0, L_0x12d8f80;  1 drivers
v0x12bdbc0_0 .net *"_s10", 6 0, L_0x12d92a0;  1 drivers
L_0x7fe859c587f8 .functor BUFT 1, C4<00>, C4<0>, C4<0>, C4<0>;
v0x12bdd30_0 .net *"_s13", 1 0, L_0x7fe859c587f8;  1 drivers
v0x12bde10_0 .net *"_s2", 6 0, L_0x12d9020;  1 drivers
L_0x7fe859c587b0 .functor BUFT 1, C4<00>, C4<0>, C4<0>, C4<0>;
v0x12bdef0_0 .net *"_s5", 1 0, L_0x7fe859c587b0;  1 drivers
v0x12bdfd0_0 .net *"_s8", 31 0, L_0x12d9200;  1 drivers
v0x12be0b0_0 .net "clk_i", 0 0, v0x12c3e40_0;  alias, 1 drivers
v0x12be150 .array "register", 31 0, 31 0;
E_0x12b71a0 .event posedge, v0x12b4580_0;
L_0x12d8f80 .array/port v0x12be150, L_0x12d9020;
L_0x12d9020 .concat [ 5 2 0 0], L_0x12d94f0, L_0x7fe859c587b0;
L_0x12d9200 .array/port v0x12be150, L_0x12d92a0;
L_0x12d92a0 .concat [ 5 2 0 0], L_0x12d95e0, L_0x7fe859c587f8;
S_0x12be310 .scope module, "Sign_Extend" "Sign_Extend" 3 148, 18 1 0, S_0x1257950;
 .timescale 0 0;
    .port_info 0 /INPUT 16 "data_i"
    .port_info 1 /OUTPUT 32 "data_o"
v0x12be4f0_0 .net *"_s1", 0 0, L_0x12d9940;  1 drivers
v0x12be5f0_0 .net *"_s2", 15 0, L_0x12d99e0;  1 drivers
v0x12be6d0_0 .net "data_i", 15 0, L_0x12d9bc0;  1 drivers
v0x12be790_0 .net "data_o", 31 0, L_0x12d9ad0;  alias, 1 drivers
L_0x12d9940 .part L_0x12d9bc0, 15, 1;
LS_0x12d99e0_0_0 .concat [ 1 1 1 1], L_0x12d9940, L_0x12d9940, L_0x12d9940, L_0x12d9940;
LS_0x12d99e0_0_4 .concat [ 1 1 1 1], L_0x12d9940, L_0x12d9940, L_0x12d9940, L_0x12d9940;
LS_0x12d99e0_0_8 .concat [ 1 1 1 1], L_0x12d9940, L_0x12d9940, L_0x12d9940, L_0x12d9940;
LS_0x12d99e0_0_12 .concat [ 1 1 1 1], L_0x12d9940, L_0x12d9940, L_0x12d9940, L_0x12d9940;
L_0x12d99e0 .concat [ 4 4 4 4], LS_0x12d99e0_0_0, LS_0x12d99e0_0_4, LS_0x12d99e0_0_8, LS_0x12d99e0_0_12;
L_0x12d9ad0 .concat [ 16 16 0 0], L_0x12d9bc0, L_0x12d99e0;
S_0x12be8d0 .scope module, "mux6" "MUX2" 3 174, 19 1 0, S_0x1257950;
 .timescale 0 0;
    .port_info 0 /INPUT 32 "data00_i"
    .port_info 1 /INPUT 32 "data01_i"
    .port_info 2 /INPUT 32 "data10_i"
    .port_info 3 /INPUT 32 "data11_i"
    .port_info 4 /INPUT 2 "select_i"
    .port_info 5 /OUTPUT 32 "data_o"
P_0x12beaa0 .param/l "SIZE" 0 19 10, +C4<00000000000000000000000000100000>;
L_0x7fe859c58b10 .functor BUFT 1, C4<00>, C4<0>, C4<0>, C4<0>;
v0x12beca0_0 .net/2u *"_s0", 1 0, L_0x7fe859c58b10;  1 drivers
v0x12bed40_0 .net *"_s10", 0 0, L_0x12dc710;  1 drivers
L_0x7fe859c58be8 .functor BUFT 1, C4<11>, C4<0>, C4<0>, C4<0>;
v0x12bee00_0 .net/2u *"_s12", 1 0, L_0x7fe859c58be8;  1 drivers
v0x12beef0_0 .net *"_s14", 0 0, L_0x12dc800;  1 drivers
L_0x7fe859c58c30 .functor BUFT 1, C4<00000000000000000000000000000000>, C4<0>, C4<0>, C4<0>;
v0x12befb0_0 .net/2u *"_s16", 31 0, L_0x7fe859c58c30;  1 drivers
v0x12bf0e0_0 .net *"_s18", 31 0, L_0x12dc8f0;  1 drivers
v0x12bf1c0_0 .net *"_s2", 0 0, L_0x12dc350;  1 drivers
v0x12bf280_0 .net *"_s20", 31 0, L_0x12dca30;  1 drivers
v0x12bf360_0 .net *"_s22", 31 0, L_0x12dcc00;  1 drivers
L_0x7fe859c58b58 .functor BUFT 1, C4<01>, C4<0>, C4<0>, C4<0>;
v0x12bf4d0_0 .net/2u *"_s4", 1 0, L_0x7fe859c58b58;  1 drivers
v0x12bf5b0_0 .net *"_s6", 0 0, L_0x12dc670;  1 drivers
L_0x7fe859c58ba0 .functor BUFT 1, C4<10>, C4<0>, C4<0>, C4<0>;
v0x12bf670_0 .net/2u *"_s8", 1 0, L_0x7fe859c58ba0;  1 drivers
v0x12bf750_0 .net "data00_i", 31 0, L_0x12da030;  alias, 1 drivers
v0x12bf830_0 .net "data01_i", 31 0, L_0x12e1520;  alias, 1 drivers
v0x12bf8f0_0 .net "data10_i", 31 0, L_0x12e0a80;  alias, 1 drivers
L_0x7fe859c58c78 .functor BUFT 1, C4<00000000000000000000000000000000>, C4<0>, C4<0>, C4<0>;
v0x12bf9b0_0 .net "data11_i", 31 0, L_0x7fe859c58c78;  1 drivers
v0x12bfa70_0 .net "data_o", 31 0, L_0x12dccf0;  alias, 1 drivers
v0x12bfc20_0 .net "select_i", 1 0, L_0x12db680;  alias, 1 drivers
L_0x12dc350 .cmp/eq 2, L_0x12db680, L_0x7fe859c58b10;
L_0x12dc670 .cmp/eq 2, L_0x12db680, L_0x7fe859c58b58;
L_0x12dc710 .cmp/eq 2, L_0x12db680, L_0x7fe859c58ba0;
L_0x12dc800 .cmp/eq 2, L_0x12db680, L_0x7fe859c58be8;
L_0x12dc8f0 .functor MUXZ 32, L_0x7fe859c58c30, L_0x7fe859c58c78, L_0x12dc800, C4<>;
L_0x12dca30 .functor MUXZ 32, L_0x12dc8f0, L_0x12e0a80, L_0x12dc710, C4<>;
L_0x12dcc00 .functor MUXZ 32, L_0x12dca30, L_0x12e1520, L_0x12dc670, C4<>;
L_0x12dccf0 .functor MUXZ 32, L_0x12dcc00, L_0x12da030, L_0x12dc350, C4<>;
S_0x12bfd60 .scope module, "mux7" "MUX2" 3 183, 19 1 0, S_0x1257950;
 .timescale 0 0;
    .port_info 0 /INPUT 32 "data00_i"
    .port_info 1 /INPUT 32 "data01_i"
    .port_info 2 /INPUT 32 "data10_i"
    .port_info 3 /INPUT 32 "data11_i"
    .port_info 4 /INPUT 2 "select_i"
    .port_info 5 /OUTPUT 32 "data_o"
P_0x12bff30 .param/l "SIZE" 0 19 10, +C4<00000000000000000000000000100000>;
L_0x7fe859c58cc0 .functor BUFT 1, C4<00>, C4<0>, C4<0>, C4<0>;
v0x12c0130_0 .net/2u *"_s0", 1 0, L_0x7fe859c58cc0;  1 drivers
v0x12c01d0_0 .net *"_s10", 0 0, L_0x12dd0f0;  1 drivers
L_0x7fe859c58d98 .functor BUFT 1, C4<11>, C4<0>, C4<0>, C4<0>;
v0x12c0270_0 .net/2u *"_s12", 1 0, L_0x7fe859c58d98;  1 drivers
v0x12c0380_0 .net *"_s14", 0 0, L_0x12dd1e0;  1 drivers
L_0x7fe859c58de0 .functor BUFT 1, C4<00000000000000000000000000000000>, C4<0>, C4<0>, C4<0>;
v0x12c0440_0 .net/2u *"_s16", 31 0, L_0x7fe859c58de0;  1 drivers
v0x12c0570_0 .net *"_s18", 31 0, L_0x12dd2d0;  1 drivers
v0x12c0650_0 .net *"_s2", 0 0, L_0x12dced0;  1 drivers
v0x12c0710_0 .net *"_s20", 31 0, L_0x12dd410;  1 drivers
v0x12c07f0_0 .net *"_s22", 31 0, L_0x12dd550;  1 drivers
L_0x7fe859c58d08 .functor BUFT 1, C4<01>, C4<0>, C4<0>, C4<0>;
v0x12c0960_0 .net/2u *"_s4", 1 0, L_0x7fe859c58d08;  1 drivers
v0x12c0a40_0 .net *"_s6", 0 0, L_0x12dd000;  1 drivers
L_0x7fe859c58d50 .functor BUFT 1, C4<10>, C4<0>, C4<0>, C4<0>;
v0x12c0b00_0 .net/2u *"_s8", 1 0, L_0x7fe859c58d50;  1 drivers
v0x12c0be0_0 .net "data00_i", 31 0, L_0x12da3f0;  alias, 1 drivers
v0x12c0cc0_0 .net "data01_i", 31 0, L_0x12e1520;  alias, 1 drivers
v0x12c0d80_0 .net "data10_i", 31 0, L_0x12e0a80;  alias, 1 drivers
L_0x7fe859c58e28 .functor BUFT 1, C4<00000000000000000000000000000000>, C4<0>, C4<0>, C4<0>;
v0x12c0e40_0 .net "data11_i", 31 0, L_0x7fe859c58e28;  1 drivers
v0x12c0f20_0 .net "data_o", 31 0, L_0x12dd690;  alias, 1 drivers
v0x12c10d0_0 .net "select_i", 1 0, L_0x12dbed0;  alias, 1 drivers
L_0x12dced0 .cmp/eq 2, L_0x12dbed0, L_0x7fe859c58cc0;
L_0x12dd000 .cmp/eq 2, L_0x12dbed0, L_0x7fe859c58d08;
L_0x12dd0f0 .cmp/eq 2, L_0x12dbed0, L_0x7fe859c58d50;
L_0x12dd1e0 .cmp/eq 2, L_0x12dbed0, L_0x7fe859c58d98;
L_0x12dd2d0 .functor MUXZ 32, L_0x7fe859c58de0, L_0x7fe859c58e28, L_0x12dd1e0, C4<>;
L_0x12dd410 .functor MUXZ 32, L_0x12dd2d0, L_0x12e0a80, L_0x12dd0f0, C4<>;
L_0x12dd550 .functor MUXZ 32, L_0x12dd410, L_0x12e1520, L_0x12dd000, C4<>;
L_0x12dd690 .functor MUXZ 32, L_0x12dd550, L_0x12da3f0, L_0x12dced0, C4<>;
    .scope S_0x12bc8e0;
T_0 ;
    %wait E_0x12b4500;
    %load/vec4 v0x12bced0_0;
    %flag_set/vec4 8;
    %jmp/0xz  T_0.0, 8;
    %pushi/vec4 0, 0, 32;
    %assign/vec4 v0x12bcd60_0, 0;
    %jmp T_0.1;
T_0.0 ;
    %load/vec4 v0x12bd050_0;
    %load/vec4 v0x12bce30_0;
    %inv;
    %and;
    %flag_set/vec4 8;
    %jmp/0xz  T_0.2, 8;
    %load/vec4 v0x12bcca0_0;
    %assign/vec4 v0x12bcd60_0, 0;
    %jmp T_0.3;
T_0.2 ;
    %load/vec4 v0x12bcd60_0;
    %assign/vec4 v0x12bcd60_0, 0;
T_0.3 ;
T_0.1 ;
    %jmp T_0;
    .thread T_0;
    .scope S_0x12b83d0;
T_1 ;
    %wait E_0x12b4500;
    %load/vec4 v0x12b89a0_0;
    %flag_set/vec4 8;
    %jmp/0xz  T_1.0, 8;
    %pushi/vec4 0, 0, 64;
    %assign/vec4 v0x12b88e0_0, 0;
    %jmp T_1.1;
T_1.0 ;
    %load/vec4 v0x12b8a90_0;
    %flag_set/vec4 8;
    %jmp/0xz  T_1.2, 8;
    %load/vec4 v0x12b88e0_0;
    %assign/vec4 v0x12b88e0_0, 0;
    %jmp T_1.3;
T_1.2 ;
    %load/vec4 v0x12b8840_0;
    %flag_set/vec4 8;
    %jmp/0xz  T_1.4, 8;
    %pushi/vec4 32, 0, 64;
    %assign/vec4 v0x12b88e0_0, 0;
    %jmp T_1.5;
T_1.4 ;
    %load/vec4 v0x12b8b80_0;
    %assign/vec4 v0x12b88e0_0, 0;
T_1.5 ;
T_1.3 ;
T_1.1 ;
    %jmp T_1;
    .thread T_1;
    .scope S_0x12bd1d0;
T_2 ;
    %wait E_0x12b71a0;
    %load/vec4 v0x12bda20_0;
    %flag_set/vec4 8;
    %jmp/0xz  T_2.0, 8;
    %load/vec4 v0x12bd590_0;
    %load/vec4 v0x12bd4b0_0;
    %pad/u 7;
    %ix/vec4 3;
    %ix/load 4, 0, 0; Constant delay
    %assign/vec4/a/d v0x12be150, 0, 4;
T_2.0 ;
    %jmp T_2;
    .thread T_2;
    .scope S_0x12b7d40;
T_3 ;
    %wait E_0x12b4500;
    %load/vec4 v0x12b8180_0;
    %flag_set/vec4 8;
    %jmp/0xz  T_3.0, 8;
    %pushi/vec4 0, 0, 118;
    %assign/vec4 v0x12b80c0_0, 0;
    %jmp T_3.1;
T_3.0 ;
    %load/vec4 v0x12b8280_0;
    %assign/vec4 v0x12b80c0_0, 0;
T_3.1 ;
    %jmp T_3;
    .thread T_3;
    .scope S_0x12a8840;
T_4 ;
    %wait E_0x12a8ef0;
    %load/vec4 v0x12a8f50_0;
    %dup/vec4;
    %pushi/vec4 0, 0, 3;
    %cmp/u;
    %jmp/1 T_4.0, 6;
    %dup/vec4;
    %pushi/vec4 1, 0, 3;
    %cmp/u;
    %jmp/1 T_4.1, 6;
    %dup/vec4;
    %pushi/vec4 2, 0, 3;
    %cmp/u;
    %jmp/1 T_4.2, 6;
    %dup/vec4;
    %pushi/vec4 6, 0, 3;
    %cmp/u;
    %jmp/1 T_4.3, 6;
    %dup/vec4;
    %pushi/vec4 3, 0, 3;
    %cmp/u;
    %jmp/1 T_4.4, 6;
    %pushi/vec4 0, 0, 32;
    %store/vec4 v0x12a9690_0, 0, 32;
    %jmp T_4.6;
T_4.0 ;
    %load/vec4 v0x12a94d0_0;
    %load/vec4 v0x12a95b0_0;
    %and;
    %store/vec4 v0x12a9690_0, 0, 32;
    %jmp T_4.6;
T_4.1 ;
    %load/vec4 v0x12a94d0_0;
    %load/vec4 v0x12a95b0_0;
    %or;
    %store/vec4 v0x12a9690_0, 0, 32;
    %jmp T_4.6;
T_4.2 ;
    %load/vec4 v0x12a94d0_0;
    %load/vec4 v0x12a95b0_0;
    %add;
    %store/vec4 v0x12a9690_0, 0, 32;
    %jmp T_4.6;
T_4.3 ;
    %load/vec4 v0x12a94d0_0;
    %load/vec4 v0x12a95b0_0;
    %sub;
    %store/vec4 v0x12a9690_0, 0, 32;
    %jmp T_4.6;
T_4.4 ;
    %load/vec4 v0x12a94d0_0;
    %load/vec4 v0x12a95b0_0;
    %mul;
    %store/vec4 v0x12a9690_0, 0, 32;
    %jmp T_4.6;
T_4.6 ;
    %pop/vec4 1;
    %jmp T_4;
    .thread T_4, $push;
    .scope S_0x12b41f0;
T_5 ;
    %wait E_0x12b4500;
    %load/vec4 v0x12b4740_0;
    %flag_set/vec4 8;
    %jmp/0xz  T_5.0, 8;
    %pushi/vec4 0, 0, 72;
    %assign/vec4 v0x12b4660_0, 0;
    %jmp T_5.1;
T_5.0 ;
    %load/vec4 v0x12b4810_0;
    %assign/vec4 v0x12b4660_0, 0;
T_5.1 ;
    %jmp T_5;
    .thread T_5;
    .scope S_0x12b0ab0;
T_6 ;
    %wait E_0x12b0ca0;
    %load/vec4 v0x12b15c0_0;
    %pad/u 32;
    %cmpi/e 1, 0, 32;
    %jmp/0xz  T_6.0, 4;
    %load/vec4 v0x12b4040_0;
    %ix/getv 4, v0x12b1520_0;
    %store/vec4a v0x12b1680, 4, 0;
    %pushi/vec4 0, 0, 32;
    %store/vec4 v0x12b3f60_0, 0, 32;
    %jmp T_6.1;
T_6.0 ;
    %ix/getv 4, v0x12b1520_0;
    %load/vec4a v0x12b1680, 4;
    %store/vec4 v0x12b3f60_0, 0, 32;
T_6.1 ;
    %jmp T_6;
    .thread T_6, $push;
    .scope S_0x12b95a0;
T_7 ;
    %wait E_0x12b4500;
    %load/vec4 v0x12b9a80_0;
    %flag_set/vec4 8;
    %jmp/0xz  T_7.0, 8;
    %pushi/vec4 0, 0, 71;
    %assign/vec4 v0x12b99e0_0, 0;
    %jmp T_7.1;
T_7.0 ;
    %load/vec4 v0x12b9b50_0;
    %assign/vec4 v0x12b99e0_0, 0;
T_7.1 ;
    %jmp T_7;
    .thread T_7;
    .scope S_0x1263840;
T_8 ;
    %delay 25, 0;
    %load/vec4 v0x12c3e40_0;
    %inv;
    %store/vec4 v0x12c3e40_0, 0, 1;
    %jmp T_8;
    .thread T_8;
    .scope S_0x1263840;
T_9 ;
    %vpi_call 2 21 "$dumpfile", "CPU.vcd" {0 0 0};
    %vpi_call 2 22 "$dumpvars", 32'sb00000000000000000000000000000000, S_0x1263840 {0 0 0};
    %pushi/vec4 0, 0, 32;
    %store/vec4 v0x12c4090_0, 0, 32;
    %pushi/vec4 0, 0, 32;
    %store/vec4 v0x12c4420_0, 0, 32;
    %pushi/vec4 0, 0, 32;
    %store/vec4 v0x12c4130_0, 0, 32;
    %pushi/vec4 0, 0, 32;
    %store/vec4 v0x12c4260_0, 0, 32;
T_9.0 ;
    %load/vec4 v0x12c4260_0;
    %cmpi/s 256, 0, 32;
    %jmp/0xz T_9.1, 5;
    %pushi/vec4 0, 0, 32;
    %ix/getv/s 4, v0x12c4260_0;
    %store/vec4a v0x12b9480, 4, 0;
    %load/vec4 v0x12c4260_0;
    %addi 1, 0, 32;
    %store/vec4 v0x12c4260_0, 0, 32;
    %jmp T_9.0;
T_9.1 ;
    %pushi/vec4 0, 0, 32;
    %store/vec4 v0x12c4260_0, 0, 32;
T_9.2 ;
    %load/vec4 v0x12c4260_0;
    %cmpi/s 32, 0, 32;
    %jmp/0xz T_9.3, 5;
    %pushi/vec4 0, 0, 32;
    %ix/getv/s 4, v0x12c4260_0;
    %store/vec4a v0x12b1680, 4, 0;
    %load/vec4 v0x12c4260_0;
    %addi 1, 0, 32;
    %store/vec4 v0x12c4260_0, 0, 32;
    %jmp T_9.2;
T_9.3 ;
    %pushi/vec4 0, 0, 32;
    %store/vec4 v0x12c4260_0, 0, 32;
T_9.4 ;
    %load/vec4 v0x12c4260_0;
    %cmpi/s 32, 0, 32;
    %jmp/0xz T_9.5, 5;
    %pushi/vec4 0, 0, 32;
    %ix/getv/s 4, v0x12c4260_0;
    %store/vec4a v0x12be150, 4, 0;
    %load/vec4 v0x12c4260_0;
    %addi 1, 0, 32;
    %store/vec4 v0x12c4260_0, 0, 32;
    %jmp T_9.4;
T_9.5 ;
    %vpi_call 2 44 "$readmemb", "instruction.txt", v0x12b9480 {0 0 0};
    %vpi_func 2 47 "$fopen" 32, "output.txt" {0 0 0};
    %pushi/vec4 1, 0, 32;
    %or;
    %store/vec4 v0x12c4340_0, 0, 32;
    %pushi/vec4 5, 0, 32;
    %ix/load 4, 0, 0;
    %flag_set/imm 4, 0;
    %store/vec4a v0x12b1680, 4, 0;
    %pushi/vec4 1, 0, 1;
    %store/vec4 v0x12c3e40_0, 0, 1;
    %pushi/vec4 0, 0, 1;
    %store/vec4 v0x12c3fa0_0, 0, 1;
    %delay 1, 0;
    %pushi/vec4 1, 0, 1;
    %store/vec4 v0x12c3ee0_0, 0, 1;
    %delay 12, 0;
    %pushi/vec4 0, 0, 1;
    %store/vec4 v0x12c3ee0_0, 0, 1;
    %pushi/vec4 1, 0, 1;
    %store/vec4 v0x12c3fa0_0, 0, 1;
    %end;
    .thread T_9;
    .scope S_0x1263840;
T_10 ;
    %wait E_0x12b71a0;
    %load/vec4 v0x12c4090_0;
    %cmpi/e 30, 0, 32;
    %jmp/0xz  T_10.0, 4;
    %vpi_call 2 65 "$stop" {0 0 0};
T_10.0 ;
    %load/vec4 v0x12c3280_0;
    %pad/u 32;
    %pushi/vec4 1, 0, 32;
    %cmp/e;
    %flag_get/vec4 4;
    %load/vec4 v0x12adb30_0;
    %pad/u 32;
    %pushi/vec4 0, 0, 32;
    %cmp/e;
    %flag_get/vec4 4;
    %and;
    %load/vec4 v0x12ad9d0_0;
    %pad/u 32;
    %pushi/vec4 0, 0, 32;
    %cmp/e;
    %flag_get/vec4 4;
    %and;
    %flag_set/vec4 8;
    %jmp/0xz  T_10.2, 8;
    %load/vec4 v0x12c4420_0;
    %addi 1, 0, 32;
    %store/vec4 v0x12c4420_0, 0, 32;
T_10.2 ;
    %load/vec4 v0x12c1640_0;
    %pad/u 32;
    %cmpi/e 1, 0, 32;
    %jmp/0xz  T_10.4, 4;
    %load/vec4 v0x12c4130_0;
    %addi 1, 0, 32;
    %store/vec4 v0x12c4130_0, 0, 32;
T_10.4 ;
    %vpi_call 2 76 "$fdisplay", v0x12c4340_0, "cycle = %d, Start = %d, Stall = %d, Flush = %d\012PC = %d", v0x12c4090_0, v0x12c3fa0_0, v0x12c4420_0, v0x12c4130_0, v0x12bcd60_0 {0 0 0};
    %vpi_call 2 82 "$fdisplay", v0x12c4340_0, "Registers" {0 0 0};
    %vpi_call 2 83 "$fdisplay", v0x12c4340_0, "R0(r0) = %d, R8 (t0) = %d, R16(s0) = %d, R24(t8) = %d", &A<v0x12be150, 0>, &A<v0x12be150, 8>, &A<v0x12be150, 16>, &A<v0x12be150, 24> {0 0 0};
    %vpi_call 2 84 "$fdisplay", v0x12c4340_0, "R1(at) = %d, R9 (t1) = %d, R17(s1) = %d, R25(t9) = %d", &A<v0x12be150, 1>, &A<v0x12be150, 9>, &A<v0x12be150, 17>, &A<v0x12be150, 25> {0 0 0};
    %vpi_call 2 85 "$fdisplay", v0x12c4340_0, "R2(v0) = %d, R10(t2) = %d, R18(s2) = %d, R26(k0) = %d", &A<v0x12be150, 2>, &A<v0x12be150, 10>, &A<v0x12be150, 18>, &A<v0x12be150, 26> {0 0 0};
    %vpi_call 2 86 "$fdisplay", v0x12c4340_0, "R3(v1) = %d, R11(t3) = %d, R19(s3) = %d, R27(k1) = %d", &A<v0x12be150, 3>, &A<v0x12be150, 11>, &A<v0x12be150, 19>, &A<v0x12be150, 27> {0 0 0};
    %vpi_call 2 87 "$fdisplay", v0x12c4340_0, "R4(a0) = %d, R12(t4) = %d, R20(s4) = %d, R28(gp) = %d", &A<v0x12be150, 4>, &A<v0x12be150, 12>, &A<v0x12be150, 20>, &A<v0x12be150, 28> {0 0 0};
    %vpi_call 2 88 "$fdisplay", v0x12c4340_0, "R5(a1) = %d, R13(t5) = %d, R21(s5) = %d, R29(sp) = %d", &A<v0x12be150, 5>, &A<v0x12be150, 13>, &A<v0x12be150, 21>, &A<v0x12be150, 29> {0 0 0};
    %vpi_call 2 89 "$fdisplay", v0x12c4340_0, "R6(a2) = %d, R14(t6) = %d, R22(s6) = %d, R30(s8) = %d", &A<v0x12be150, 6>, &A<v0x12be150, 14>, &A<v0x12be150, 22>, &A<v0x12be150, 30> {0 0 0};
    %vpi_call 2 90 "$fdisplay", v0x12c4340_0, "R7(a3) = %d, R15(t7) = %d, R23(s7) = %d, R31(ra) = %d", &A<v0x12be150, 7>, &A<v0x12be150, 15>, &A<v0x12be150, 23>, &A<v0x12be150, 31> {0 0 0};
    %ix/load 4, 3, 0;
    %flag_set/imm 4, 0;
    %load/vec4a v0x12b1680, 4;
    %ix/load 4, 2, 0;
    %flag_set/imm 4, 0;
    %load/vec4a v0x12b1680, 4;
    %concat/vec4; draw_concat_vec4
    %ix/load 4, 1, 0;
    %flag_set/imm 4, 0;
    %load/vec4a v0x12b1680, 4;
    %concat/vec4; draw_concat_vec4
    %ix/load 4, 0, 0;
    %flag_set/imm 4, 0;
    %load/vec4a v0x12b1680, 4;
    %concat/vec4; draw_concat_vec4
    %vpi_call 2 93 "$fdisplay", v0x12c4340_0, "Data Memory: 0x00 = %d", S<0,vec4,u128> {1 0 0};
    %ix/load 4, 7, 0;
    %flag_set/imm 4, 0;
    %load/vec4a v0x12b1680, 4;
    %ix/load 4, 6, 0;
    %flag_set/imm 4, 0;
    %load/vec4a v0x12b1680, 4;
    %concat/vec4; draw_concat_vec4
    %ix/load 4, 5, 0;
    %flag_set/imm 4, 0;
    %load/vec4a v0x12b1680, 4;
    %concat/vec4; draw_concat_vec4
    %ix/load 4, 4, 0;
    %flag_set/imm 4, 0;
    %load/vec4a v0x12b1680, 4;
    %concat/vec4; draw_concat_vec4
    %vpi_call 2 94 "$fdisplay", v0x12c4340_0, "Data Memory: 0x04 = %d", S<0,vec4,u128> {1 0 0};
    %ix/load 4, 11, 0;
    %flag_set/imm 4, 0;
    %load/vec4a v0x12b1680, 4;
    %ix/load 4, 10, 0;
    %flag_set/imm 4, 0;
    %load/vec4a v0x12b1680, 4;
    %concat/vec4; draw_concat_vec4
    %ix/load 4, 9, 0;
    %flag_set/imm 4, 0;
    %load/vec4a v0x12b1680, 4;
    %concat/vec4; draw_concat_vec4
    %ix/load 4, 8, 0;
    %flag_set/imm 4, 0;
    %load/vec4a v0x12b1680, 4;
    %concat/vec4; draw_concat_vec4
    %vpi_call 2 95 "$fdisplay", v0x12c4340_0, "Data Memory: 0x08 = %d", S<0,vec4,u128> {1 0 0};
    %ix/load 4, 15, 0;
    %flag_set/imm 4, 0;
    %load/vec4a v0x12b1680, 4;
    %ix/load 4, 14, 0;
    %flag_set/imm 4, 0;
    %load/vec4a v0x12b1680, 4;
    %concat/vec4; draw_concat_vec4
    %ix/load 4, 13, 0;
    %flag_set/imm 4, 0;
    %load/vec4a v0x12b1680, 4;
    %concat/vec4; draw_concat_vec4
    %ix/load 4, 12, 0;
    %flag_set/imm 4, 0;
    %load/vec4a v0x12b1680, 4;
    %concat/vec4; draw_concat_vec4
    %vpi_call 2 96 "$fdisplay", v0x12c4340_0, "Data Memory: 0x0c = %d", S<0,vec4,u128> {1 0 0};
    %ix/load 4, 19, 0;
    %flag_set/imm 4, 0;
    %load/vec4a v0x12b1680, 4;
    %ix/load 4, 18, 0;
    %flag_set/imm 4, 0;
    %load/vec4a v0x12b1680, 4;
    %concat/vec4; draw_concat_vec4
    %ix/load 4, 17, 0;
    %flag_set/imm 4, 0;
    %load/vec4a v0x12b1680, 4;
    %concat/vec4; draw_concat_vec4
    %ix/load 4, 16, 0;
    %flag_set/imm 4, 0;
    %load/vec4a v0x12b1680, 4;
    %concat/vec4; draw_concat_vec4
    %vpi_call 2 97 "$fdisplay", v0x12c4340_0, "Data Memory: 0x10 = %d", S<0,vec4,u128> {1 0 0};
    %ix/load 4, 23, 0;
    %flag_set/imm 4, 0;
    %load/vec4a v0x12b1680, 4;
    %ix/load 4, 22, 0;
    %flag_set/imm 4, 0;
    %load/vec4a v0x12b1680, 4;
    %concat/vec4; draw_concat_vec4
    %ix/load 4, 21, 0;
    %flag_set/imm 4, 0;
    %load/vec4a v0x12b1680, 4;
    %concat/vec4; draw_concat_vec4
    %ix/load 4, 20, 0;
    %flag_set/imm 4, 0;
    %load/vec4a v0x12b1680, 4;
    %concat/vec4; draw_concat_vec4
    %vpi_call 2 98 "$fdisplay", v0x12c4340_0, "Data Memory: 0x14 = %d", S<0,vec4,u128> {1 0 0};
    %ix/load 4, 27, 0;
    %flag_set/imm 4, 0;
    %load/vec4a v0x12b1680, 4;
    %ix/load 4, 26, 0;
    %flag_set/imm 4, 0;
    %load/vec4a v0x12b1680, 4;
    %concat/vec4; draw_concat_vec4
    %ix/load 4, 25, 0;
    %flag_set/imm 4, 0;
    %load/vec4a v0x12b1680, 4;
    %concat/vec4; draw_concat_vec4
    %ix/load 4, 24, 0;
    %flag_set/imm 4, 0;
    %load/vec4a v0x12b1680, 4;
    %concat/vec4; draw_concat_vec4
    %vpi_call 2 99 "$fdisplay", v0x12c4340_0, "Data Memory: 0x18 = %d", S<0,vec4,u128> {1 0 0};
    %ix/load 4, 31, 0;
    %flag_set/imm 4, 0;
    %load/vec4a v0x12b1680, 4;
    %ix/load 4, 30, 0;
    %flag_set/imm 4, 0;
    %load/vec4a v0x12b1680, 4;
    %concat/vec4; draw_concat_vec4
    %ix/load 4, 29, 0;
    %flag_set/imm 4, 0;
    %load/vec4a v0x12b1680, 4;
    %concat/vec4; draw_concat_vec4
    %ix/load 4, 28, 0;
    %flag_set/imm 4, 0;
    %load/vec4a v0x12b1680, 4;
    %concat/vec4; draw_concat_vec4
    %vpi_call 2 100 "$fdisplay", v0x12c4340_0, "Data Memory: 0x1c = %d", S<0,vec4,u128> {1 0 0};
    %vpi_call 2 102 "$fdisplay", v0x12c4340_0, "\012" {0 0 0};
    %load/vec4 v0x12c4090_0;
    %addi 1, 0, 32;
    %store/vec4 v0x12c4090_0, 0, 32;
    %jmp T_10;
    .thread T_10;
# The file index is used to find the file name in the following table.
:file_names 20;
    "N/A";
    "<interactive>";
    "testbench.v";
    "CPU.v";
    "./v/Adder.v";
    "./v/ALU.v";
    "././param/Control_param.v";
    "./v/ALU_Control.v";
    "./v/Control.v";
    "./v/Data_Memory.v";
    "./v/DFFs.v";
    "./v/Forwarding.v";
    "./v/Hazard_Detection.v";
    "./v/IF_ID_DFFs.v";
    "./v/Instruction_Memory.v";
    "./v/MUX.v";
    "./v/PC.v";
    "./v/Registers.v";
    "./v/Sign_Extend.v";
    "./v/MUX2.v";
